{"/Users/christoler/chai-vc-platform/backend/src/controllers/health_controller.ts": {"path":"/Users/christoler/chai-vc-platform/backend/src/controllers/health_controller.ts","statementMap":{"0":{"start":{"line":4,"column":0},"end":{"line":4,"column":7}},"1":{"start":{"line":2,"column":0},"end":{"line":2,"column":80}},"2":{"start":{"line":5,"column":2},"end":{"line":8,"column":3}},"3":{"start":{"line":6,"column":4},"end":{"line":6,"column":26}},"4":{"start":{"line":7,"column":4},"end":{"line":7,"column":11}},"5":{"start":{"line":9,"column":2},"end":{"line":15,"column":3}},"6":{"start":{"line":10,"column":4},"end":{"line":10,"column":54}},"7":{"start":{"line":11,"column":4},"end":{"line":11,"column":43}},"8":{"start":{"line":13,"column":20},"end":{"line":13,"column":80}},"9":{"start":{"line":14,"column":4},"end":{"line":14,"column":66}}},"fnMap":{"0":{"name":"redisHealth","decl":{"start":{"line":4,"column":22},"end":{"line":4,"column":33}},"loc":{"start":{"line":4,"column":62},"end":{"line":16,"column":1}}}},"branchMap":{"0":{"loc":{"start":{"line":5,"column":2},"end":{"line":8,"column":3}},"type":"if","locations":[{"start":{"line":5,"column":2},"end":{"line":8,"column":3}}]},"1":{"loc":{"start":{"line":13,"column":20},"end":{"line":13,"column":80}},"type":"cond-expr","locations":[{"start":{"line":13,"column":55},"end":{"line":13,"column":66}},{"start":{"line":13,"column":69},"end":{"line":13,"column":80}}]}},"s":{"0":1,"1":1,"2":3,"3":1,"4":1,"5":2,"6":2,"7":1,"8":1,"9":1},"f":{"0":3},"b":{"0":[1],"1":[1,0]}}
,"/Users/christoler/chai-vc-platform/backend/src/controllers/oidc4vci_controller.ts": {"path":"/Users/christoler/chai-vc-platform/backend/src/controllers/oidc4vci_controller.ts","statementMap":{"0":{"start":{"line":9,"column":0},"end":{"line":9,"column":16}},"1":{"start":{"line":42,"column":0},"end":{"line":42,"column":7}},"2":{"start":{"line":80,"column":0},"end":{"line":80,"column":7}},"3":{"start":{"line":121,"column":0},"end":{"line":121,"column":7}},"4":{"start":{"line":2,"column":0},"end":{"line":2,"column":53}},"5":{"start":{"line":3,"column":0},"end":{"line":3,"column":80}},"6":{"start":{"line":5,"column":23},"end":{"line":5,"column":90}},"7":{"start":{"line":6,"column":28},"end":{"line":6,"column":94}},"8":{"start":{"line":7,"column":31},"end":{"line":7,"column":100}},"9":{"start":{"line":10,"column":25},"end":{"line":10,"column":77}},"10":{"start":{"line":11,"column":27},"end":{"line":13,"column":38}},"11":{"start":{"line":14,"column":20},"end":{"line":14,"column":74}},"12":{"start":{"line":15,"column":17},"end":{"line":25,"column":4}},"13":{"start":{"line":26,"column":2},"end":{"line":39,"column":5}},"14":{"start":{"line":43,"column":17},"end":{"line":43,"column":38}},"15":{"start":{"line":44,"column":2},"end":{"line":47,"column":3}},"16":{"start":{"line":45,"column":4},"end":{"line":45,"column":53}},"17":{"start":{"line":46,"column":4},"end":{"line":46,"column":11}},"18":{"start":{"line":53,"column":6},"end":{"line":53,"column":null}},"19":{"start":{"line":59,"column":2},"end":{"line":77,"column":3}},"20":{"start":{"line":60,"column":94},"end":{"line":65,"column":6}},"21":{"start":{"line":66,"column":4},"end":{"line":73,"column":7}},"22":{"start":{"line":75,"column":20},"end":{"line":75,"column":86}},"23":{"start":{"line":76,"column":4},"end":{"line":76,"column":45}},"24":{"start":{"line":81,"column":17},"end":{"line":81,"column":38}},"25":{"start":{"line":82,"column":2},"end":{"line":85,"column":3}},"26":{"start":{"line":83,"column":4},"end":{"line":83,"column":53}},"27":{"start":{"line":84,"column":4},"end":{"line":84,"column":11}},"28":{"start":{"line":92,"column":6},"end":{"line":92,"column":null}},"29":{"start":{"line":99,"column":2},"end":{"line":118,"column":3}},"30":{"start":{"line":100,"column":64},"end":{"line":105,"column":null}},"31":{"start":{"line":107,"column":4},"end":{"line":114,"column":7}},"32":{"start":{"line":116,"column":20},"end":{"line":116,"column":86}},"33":{"start":{"line":117,"column":4},"end":{"line":117,"column":45}},"34":{"start":{"line":122,"column":38},"end":{"line":122,"column":81}},"35":{"start":{"line":123,"column":2},"end":{"line":123,"column":39}},"36":{"start":{"line":124,"column":2},"end":{"line":124,"column":69}}},"fnMap":{"0":{"name":"issuerMetadata","decl":{"start":{"line":9,"column":16},"end":{"line":9,"column":30}},"loc":{"start":{"line":9,"column":59},"end":{"line":40,"column":1}}},"1":{"name":"createPreAuthorizedCode","decl":{"start":{"line":42,"column":22},"end":{"line":42,"column":45}},"loc":{"start":{"line":42,"column":73},"end":{"line":78,"column":1}}},"2":{"name":"redeemPreAuthorizedCode","decl":{"start":{"line":80,"column":22},"end":{"line":80,"column":45}},"loc":{"start":{"line":80,"column":73},"end":{"line":119,"column":1}}},"3":{"name":"nonceResponse","decl":{"start":{"line":121,"column":22},"end":{"line":121,"column":35}},"loc":{"start":{"line":121,"column":64},"end":{"line":125,"column":1}}}},"branchMap":{"0":{"loc":{"start":{"line":5,"column":23},"end":{"line":5,"column":90}},"type":"binary-expr","locations":[{"start":{"line":5,"column":23},"end":{"line":5,"column":57}},{"start":{"line":5,"column":61},"end":{"line":5,"column":90}}]},"1":{"loc":{"start":{"line":6,"column":28},"end":{"line":6,"column":94}},"type":"binary-expr","locations":[{"start":{"line":6,"column":28},"end":{"line":6,"column":65}},{"start":{"line":6,"column":69},"end":{"line":6,"column":94}}]},"2":{"loc":{"start":{"line":7,"column":31},"end":{"line":7,"column":100}},"type":"binary-expr","locations":[{"start":{"line":7,"column":31},"end":{"line":7,"column":62}},{"start":{"line":7,"column":66},"end":{"line":7,"column":100}}]},"3":{"loc":{"start":{"line":11,"column":27},"end":{"line":13,"column":38}},"type":"cond-expr","locations":[{"start":{"line":12,"column":6},"end":{"line":12,"column":117}},{"start":{"line":13,"column":6},"end":{"line":13,"column":38}}]},"4":{"loc":{"start":{"line":19,"column":28},"end":{"line":21,"column":14}},"type":"cond-expr","locations":[{"start":{"line":20,"column":12},"end":{"line":20,"column":117}},{"start":{"line":21,"column":12},"end":{"line":21,"column":14}}]},"5":{"loc":{"start":{"line":44,"column":2},"end":{"line":47,"column":3}},"type":"if","locations":[{"start":{"line":44,"column":2},"end":{"line":47,"column":3}}]},"6":{"loc":{"start":{"line":72,"column":10},"end":{"line":72,"column":100}},"type":"cond-expr","locations":[{"start":{"line":72,"column":27},"end":{"line":72,"column":70}},{"start":{"line":72,"column":73},"end":{"line":72,"column":100}}]},"7":{"loc":{"start":{"line":75,"column":20},"end":{"line":75,"column":86}},"type":"cond-expr","locations":[{"start":{"line":75,"column":55},"end":{"line":75,"column":66}},{"start":{"line":75,"column":69},"end":{"line":75,"column":86}}]},"8":{"loc":{"start":{"line":82,"column":2},"end":{"line":85,"column":3}},"type":"if","locations":[{"start":{"line":82,"column":2},"end":{"line":85,"column":3}}]},"9":{"loc":{"start":{"line":116,"column":20},"end":{"line":116,"column":86}},"type":"cond-expr","locations":[{"start":{"line":116,"column":55},"end":{"line":116,"column":66}},{"start":{"line":116,"column":69},"end":{"line":116,"column":86}}]}},"s":{"0":1,"1":1,"2":1,"3":1,"4":1,"5":1,"6":1,"7":1,"8":1,"9":2,"10":2,"11":2,"12":2,"13":2,"14":4,"15":4,"16":1,"17":1,"18":3,"19":3,"20":3,"21":2,"22":1,"23":1,"24":2,"25":2,"26":0,"27":0,"28":2,"29":2,"30":2,"31":1,"32":1,"33":1,"34":2,"35":2,"36":2},"f":{"0":2,"1":4,"2":2,"3":2},"b":{"0":[1,1],"1":[1,1],"2":[1,1],"3":[1,1],"4":[1,1],"5":[1],"6":[0,2],"7":[1,0],"8":[0],"9":[1,0]}}
,"/Users/christoler/chai-vc-platform/backend/src/services/preAuthorizedCodeService.ts": {"path":"/Users/christoler/chai-vc-platform/backend/src/services/preAuthorizedCodeService.ts","statementMap":{"0":{"start":{"line":1,"column":0},"end":{"line":1,"column":28}},"1":{"start":{"line":2,"column":0},"end":{"line":2,"column":null}},"2":{"start":{"line":9,"column":0},"end":{"line":9,"column":79}},"3":{"start":{"line":49,"column":30},"end":{"line":49,"column":83}},"4":{"start":{"line":50,"column":28},"end":{"line":50,"column":82}},"5":{"start":{"line":52,"column":33},"end":{"line":52,"column":40}},"6":{"start":{"line":53,"column":34},"end":{"line":53,"column":36}},"7":{"start":{"line":54,"column":36},"end":{"line":54,"column":42}},"8":{"start":{"line":55,"column":30},"end":{"line":55,"column":36}},"9":{"start":{"line":58,"column":2},"end":{"line":60,"column":3}},"10":{"start":{"line":59,"column":4},"end":{"line":59,"column":21}},"11":{"start":{"line":61,"column":14},"end":{"line":61,"column":35}},"12":{"start":{"line":62,"column":2},"end":{"line":65,"column":3}},"13":{"start":{"line":63,"column":4},"end":{"line":63,"column":106}},"14":{"start":{"line":64,"column":4},"end":{"line":64,"column":21}},"15":{"start":{"line":66,"column":16},"end":{"line":66,"column":31}},"16":{"start":{"line":67,"column":2},"end":{"line":79,"column":3}},"17":{"start":{"line":68,"column":4},"end":{"line":77,"column":5}},"18":{"start":{"line":69,"column":6},"end":{"line":71,"column":9}},"19":{"start":{"line":73,"column":6},"end":{"line":76,"column":9}},"20":{"start":{"line":78,"column":4},"end":{"line":78,"column":21}},"21":{"start":{"line":80,"column":17},"end":{"line":80,"column":39}},"22":{"start":{"line":81,"column":2},"end":{"line":86,"column":3}},"23":{"start":{"line":82,"column":4},"end":{"line":84,"column":7}},"24":{"start":{"line":85,"column":4},"end":{"line":85,"column":21}},"25":{"start":{"line":87,"column":2},"end":{"line":87,"column":49}},"26":{"start":{"line":91,"column":2},"end":{"line":91,"column":45}},"27":{"start":{"line":105,"column":26},"end":{"line":105,"column":104}},"28":{"start":{"line":106,"column":4},"end":{"line":106,"column":31}},"29":{"start":{"line":107,"column":4},"end":{"line":108,"column":88}},"30":{"start":{"line":109,"column":26},"end":{"line":109,"column":72}},"31":{"start":{"line":110,"column":4},"end":{"line":110,"column":123}},"32":{"start":{"line":111,"column":4},"end":{"line":111,"column":60}},"33":{"start":{"line":112,"column":4},"end":{"line":112,"column":77}},"34":{"start":{"line":113,"column":4},"end":{"line":113,"column":80}},"35":{"start":{"line":114,"column":4},"end":{"line":114,"column":84}},"36":{"start":{"line":115,"column":4},"end":{"line":115,"column":82}},"37":{"start":{"line":119,"column":4},"end":{"line":121,"column":5}},"38":{"start":{"line":120,"column":6},"end":{"line":120,"column":49}},"39":{"start":{"line":122,"column":4},"end":{"line":124,"column":5}},"40":{"start":{"line":123,"column":6},"end":{"line":123,"column":59}},"41":{"start":{"line":125,"column":16},"end":{"line":125,"column":26}},"42":{"start":{"line":126,"column":29},"end":{"line":126,"column":93}},"43":{"start":{"line":127,"column":28},"end":{"line":127,"column":90}},"44":{"start":{"line":128,"column":30},"end":{"line":128,"column":49}},"45":{"start":{"line":129,"column":18},"end":{"line":129,"column":51}},"46":{"start":{"line":131,"column":27},"end":{"line":131,"column":78}},"47":{"start":{"line":132,"column":17},"end":{"line":132,"column":30}},"48":{"start":{"line":135,"column":4},"end":{"line":139,"column":5}},"49":{"start":{"line":136,"column":6},"end":{"line":136,"column":47}},"50":{"start":{"line":137,"column":6},"end":{"line":137,"column":43}},"51":{"start":{"line":138,"column":6},"end":{"line":138,"column":59}},"52":{"start":{"line":141,"column":44},"end":{"line":154,"column":6}},"53":{"start":{"line":156,"column":4},"end":{"line":156,"column":56}},"54":{"start":{"line":157,"column":4},"end":{"line":157,"column":62}},"55":{"start":{"line":159,"column":4},"end":{"line":166,"column":6}},"56":{"start":{"line":176,"column":4},"end":{"line":178,"column":5}},"57":{"start":{"line":177,"column":6},"end":{"line":177,"column":48}},"58":{"start":{"line":179,"column":4},"end":{"line":181,"column":5}},"59":{"start":{"line":180,"column":6},"end":{"line":180,"column":47}},"60":{"start":{"line":182,"column":19},"end":{"line":182,"column":49}},"61":{"start":{"line":183,"column":4},"end":{"line":185,"column":5}},"62":{"start":{"line":184,"column":6},"end":{"line":184,"column":53}},"63":{"start":{"line":186,"column":16},"end":{"line":186,"column":26}},"64":{"start":{"line":187,"column":4},"end":{"line":190,"column":5}},"65":{"start":{"line":188,"column":6},"end":{"line":188,"column":40}},"66":{"start":{"line":189,"column":6},"end":{"line":189,"column":53}},"67":{"start":{"line":191,"column":4},"end":{"line":193,"column":5}},"68":{"start":{"line":192,"column":6},"end":{"line":192,"column":40}},"69":{"start":{"line":194,"column":4},"end":{"line":196,"column":5}},"70":{"start":{"line":195,"column":6},"end":{"line":195,"column":47}},"71":{"start":{"line":197,"column":4},"end":{"line":211,"column":5}},"72":{"start":{"line":198,"column":6},"end":{"line":200,"column":7}},"73":{"start":{"line":199,"column":8},"end":{"line":199,"column":43}},"74":{"start":{"line":201,"column":6},"end":{"line":203,"column":7}},"75":{"start":{"line":202,"column":8},"end":{"line":202,"column":43}},"76":{"start":{"line":204,"column":6},"end":{"line":207,"column":7}},"77":{"start":{"line":205,"column":8},"end":{"line":205,"column":42}},"78":{"start":{"line":206,"column":8},"end":{"line":206,"column":43}},"79":{"start":{"line":208,"column":6},"end":{"line":210,"column":7}},"80":{"start":{"line":209,"column":8},"end":{"line":209,"column":43}},"81":{"start":{"line":212,"column":26},"end":{"line":212,"column":70}},"82":{"start":{"line":213,"column":4},"end":{"line":215,"column":5}},"83":{"start":{"line":214,"column":6},"end":{"line":214,"column":41}},"84":{"start":{"line":217,"column":27},"end":{"line":217,"column":45}},"85":{"start":{"line":218,"column":4},"end":{"line":218,"column":80}},"86":{"start":{"line":220,"column":20},"end":{"line":226,"column":6}},"87":{"start":{"line":228,"column":4},"end":{"line":228,"column":38}},"88":{"start":{"line":230,"column":24},"end":{"line":230,"column":50}},"89":{"start":{"line":231,"column":4},"end":{"line":236,"column":6}},"90":{"start":{"line":240,"column":18},"end":{"line":240,"column":67}},"91":{"start":{"line":241,"column":4},"end":{"line":241,"column":62}},"92":{"start":{"line":242,"column":4},"end":{"line":242,"column":70}},"93":{"start":{"line":246,"column":4},"end":{"line":246,"column":29}},"94":{"start":{"line":250,"column":4},"end":{"line":250,"column":23}},"95":{"start":{"line":254,"column":4},"end":{"line":254,"column":41}},"96":{"start":{"line":258,"column":4},"end":{"line":258,"column":38}},"97":{"start":{"line":262,"column":4},"end":{"line":262,"column":29}},"98":{"start":{"line":266,"column":4},"end":{"line":268,"column":5}},"99":{"start":{"line":267,"column":6},"end":{"line":267,"column":46}},"100":{"start":{"line":269,"column":18},"end":{"line":269,"column":41}},"101":{"start":{"line":270,"column":4},"end":{"line":272,"column":5}},"102":{"start":{"line":271,"column":6},"end":{"line":271,"column":18}},"103":{"start":{"line":273,"column":4},"end":{"line":273,"column":39}},"104":{"start":{"line":277,"column":4},"end":{"line":277,"column":56}},"105":{"start":{"line":281,"column":16},"end":{"line":281,"column":66}},"106":{"start":{"line":282,"column":18},"end":{"line":282,"column":37}},"107":{"start":{"line":283,"column":22},"end":{"line":283,"column":45}},"108":{"start":{"line":284,"column":4},"end":{"line":284,"column":49}},"109":{"start":{"line":288,"column":4},"end":{"line":290,"column":5}},"110":{"start":{"line":289,"column":6},"end":{"line":289,"column":19}},"111":{"start":{"line":291,"column":19},"end":{"line":291,"column":83}},"112":{"start":{"line":292,"column":4},"end":{"line":292,"column":43}},"113":{"start":{"line":296,"column":19},"end":{"line":296,"column":31}},"114":{"start":{"line":297,"column":17},"end":{"line":297,"column":19}},"115":{"start":{"line":298,"column":4},"end":{"line":301,"column":5}},"116":{"start":{"line":298,"column":17},"end":{"line":298,"column":18}},"117":{"start":{"line":299,"column":18},"end":{"line":299,"column":52}},"118":{"start":{"line":300,"column":6},"end":{"line":300,"column":28}},"119":{"start":{"line":302,"column":4},"end":{"line":302,"column":18}},"120":{"start":{"line":306,"column":4},"end":{"line":306,"column":74}},"121":{"start":{"line":310,"column":4},"end":{"line":322,"column":5}},"122":{"start":{"line":312,"column":8},"end":{"line":312,"column":15}},"123":{"start":{"line":314,"column":8},"end":{"line":314,"column":60}},"124":{"start":{"line":316,"column":8},"end":{"line":316,"column":55}},"125":{"start":{"line":318,"column":8},"end":{"line":318,"column":42}},"126":{"start":{"line":321,"column":8},"end":{"line":321,"column":55}},"127":{"start":{"line":326,"column":4},"end":{"line":326,"column":56}},"128":{"start":{"line":94,"column":0},"end":{"line":94,"column":13}},"129":{"start":{"line":330,"column":13},"end":{"line":330,"column":71}}},"fnMap":{"0":{"name":"tryCreateRedisStore","decl":{"start":{"line":57,"column":9},"end":{"line":57,"column":28}},"loc":{"start":{"line":57,"column":28},"end":{"line":88,"column":1}}},"1":{"name":"clamp","decl":{"start":{"line":90,"column":9},"end":{"line":90,"column":14}},"loc":{"start":{"line":90,"column":54},"end":{"line":92,"column":1}}},"2":{"name":"(anonymous_3)","decl":{"start":{"line":104,"column":2},"end":{"line":104,"column":14}},"loc":{"start":{"line":104,"column":59},"end":{"line":116,"column":3}}},"3":{"name":"(anonymous_4)","decl":{"start":{"line":118,"column":2},"end":{"line":118,"column":7}},"loc":{"start":{"line":118,"column":37},"end":{"line":167,"column":3}}},"4":{"name":"(anonymous_5)","decl":{"start":{"line":169,"column":2},"end":{"line":169,"column":7}},"loc":{"start":{"line":174,"column":19},"end":{"line":237,"column":3}}},"5":{"name":"(anonymous_6)","decl":{"start":{"line":239,"column":2},"end":{"line":239,"column":7}},"loc":{"start":{"line":239,"column":57},"end":{"line":243,"column":3}}},"6":{"name":"(anonymous_7)","decl":{"start":{"line":245,"column":2},"end":{"line":245,"column":7}},"loc":{"start":{"line":245,"column":13},"end":{"line":247,"column":3}}},"7":{"name":"(anonymous_8)","decl":{"start":{"line":249,"column":2},"end":{"line":249,"column":10}},"loc":{"start":{"line":249,"column":40},"end":{"line":251,"column":3}}},"8":{"name":"(anonymous_9)","decl":{"start":{"line":253,"column":2},"end":{"line":253,"column":15}},"loc":{"start":{"line":253,"column":15},"end":{"line":255,"column":3}}},"9":{"name":"(anonymous_10)","decl":{"start":{"line":257,"column":2},"end":{"line":257,"column":27}},"loc":{"start":{"line":257,"column":27},"end":{"line":259,"column":3}}},"10":{"name":"(anonymous_11)","decl":{"start":{"line":261,"column":2},"end":{"line":261,"column":17}},"loc":{"start":{"line":261,"column":17},"end":{"line":263,"column":3}}},"11":{"name":"(anonymous_12)","decl":{"start":{"line":265,"column":2},"end":{"line":265,"column":7}},"loc":{"start":{"line":265,"column":24},"end":{"line":274,"column":3}}},"12":{"name":"(anonymous_13)","decl":{"start":{"line":276,"column":10},"end":{"line":276,"column":22}},"loc":{"start":{"line":276,"column":22},"end":{"line":278,"column":3}}},"13":{"name":"(anonymous_14)","decl":{"start":{"line":280,"column":10},"end":{"line":280,"column":21}},"loc":{"start":{"line":280,"column":55},"end":{"line":285,"column":3}}},"14":{"name":"(anonymous_15)","decl":{"start":{"line":287,"column":10},"end":{"line":287,"column":29}},"loc":{"start":{"line":287,"column":79},"end":{"line":293,"column":3}}},"15":{"name":"(anonymous_16)","decl":{"start":{"line":295,"column":10},"end":{"line":295,"column":24}},"loc":{"start":{"line":295,"column":24},"end":{"line":303,"column":3}}},"16":{"name":"(anonymous_17)","decl":{"start":{"line":305,"column":10},"end":{"line":305,"column":20}},"loc":{"start":{"line":305,"column":35},"end":{"line":307,"column":3}}},"17":{"name":"(anonymous_18)","decl":{"start":{"line":309,"column":10},"end":{"line":309,"column":29}},"loc":{"start":{"line":309,"column":52},"end":{"line":323,"column":3}}},"18":{"name":"(anonymous_19)","decl":{"start":{"line":325,"column":10},"end":{"line":325,"column":29}},"loc":{"start":{"line":325,"column":29},"end":{"line":327,"column":3}}}},"branchMap":{"0":{"loc":{"start":{"line":49,"column":31},"end":{"line":49,"column":68}},"type":"binary-expr","locations":[{"start":{"line":49,"column":31},"end":{"line":49,"column":62}},{"start":{"line":49,"column":66},"end":{"line":49,"column":68}}]},"1":{"loc":{"start":{"line":50,"column":29},"end":{"line":50,"column":67}},"type":"binary-expr","locations":[{"start":{"line":50,"column":29},"end":{"line":50,"column":61}},{"start":{"line":50,"column":65},"end":{"line":50,"column":67}}]},"2":{"loc":{"start":{"line":58,"column":2},"end":{"line":60,"column":3}},"type":"if","locations":[{"start":{"line":58,"column":2},"end":{"line":60,"column":3}}]},"3":{"loc":{"start":{"line":62,"column":2},"end":{"line":65,"column":3}},"type":"if","locations":[{"start":{"line":62,"column":2},"end":{"line":65,"column":3}}]},"4":{"loc":{"start":{"line":67,"column":2},"end":{"line":79,"column":3}},"type":"if","locations":[{"start":{"line":67,"column":2},"end":{"line":79,"column":3}}]},"5":{"loc":{"start":{"line":68,"column":4},"end":{"line":77,"column":5}},"type":"if","locations":[{"start":{"line":68,"column":4},"end":{"line":77,"column":5}},{"start":{"line":72,"column":11},"end":{"line":77,"column":5}}]},"6":{"loc":{"start":{"line":81,"column":2},"end":{"line":86,"column":3}},"type":"if","locations":[{"start":{"line":81,"column":2},"end":{"line":86,"column":3}}]},"7":{"loc":{"start":{"line":104,"column":14},"end":{"line":104,"column":59}},"type":"default-arg","locations":[{"start":{"line":104,"column":57},"end":{"line":104,"column":59}}]},"8":{"loc":{"start":{"line":105,"column":26},"end":{"line":105,"column":104}},"type":"binary-expr","locations":[{"start":{"line":105,"column":26},"end":{"line":105,"column":39}},{"start":{"line":105,"column":43},"end":{"line":105,"column":64}},{"start":{"line":105,"column":68},"end":{"line":105,"column":104}}]},"9":{"loc":{"start":{"line":108,"column":6},"end":{"line":108,"column":87}},"type":"binary-expr","locations":[{"start":{"line":108,"column":6},"end":{"line":108,"column":27}},{"start":{"line":108,"column":31},"end":{"line":108,"column":87}}]},"10":{"loc":{"start":{"line":109,"column":33},"end":{"line":109,"column":71}},"type":"binary-expr","locations":[{"start":{"line":109,"column":33},"end":{"line":109,"column":64}},{"start":{"line":109,"column":68},"end":{"line":109,"column":71}}]},"11":{"loc":{"start":{"line":110,"column":24},"end":{"line":110,"column":122}},"type":"binary-expr","locations":[{"start":{"line":110,"column":24},"end":{"line":110,"column":44}},{"start":{"line":110,"column":49},"end":{"line":110,"column":121}}]},"12":{"loc":{"start":{"line":110,"column":49},"end":{"line":110,"column":121}},"type":"cond-expr","locations":[{"start":{"line":110,"column":104},"end":{"line":110,"column":117}},{"start":{"line":110,"column":120},"end":{"line":110,"column":121}}]},"13":{"loc":{"start":{"line":110,"column":49},"end":{"line":110,"column":101}},"type":"binary-expr","locations":[{"start":{"line":110,"column":49},"end":{"line":110,"column":79}},{"start":{"line":110,"column":83},"end":{"line":110,"column":101}}]},"14":{"loc":{"start":{"line":111,"column":26},"end":{"line":111,"column":59}},"type":"binary-expr","locations":[{"start":{"line":111,"column":26},"end":{"line":111,"column":48}},{"start":{"line":111,"column":52},"end":{"line":111,"column":59}}]},"15":{"loc":{"start":{"line":112,"column":26},"end":{"line":112,"column":76}},"type":"binary-expr","locations":[{"start":{"line":112,"column":26},"end":{"line":112,"column":48}},{"start":{"line":112,"column":52},"end":{"line":112,"column":76}}]},"16":{"loc":{"start":{"line":113,"column":27},"end":{"line":113,"column":79}},"type":"binary-expr","locations":[{"start":{"line":113,"column":27},"end":{"line":113,"column":50}},{"start":{"line":113,"column":54},"end":{"line":113,"column":79}}]},"17":{"loc":{"start":{"line":114,"column":28},"end":{"line":114,"column":83}},"type":"binary-expr","locations":[{"start":{"line":114,"column":28},"end":{"line":114,"column":52}},{"start":{"line":114,"column":56},"end":{"line":114,"column":83}}]},"18":{"loc":{"start":{"line":115,"column":30},"end":{"line":115,"column":81}},"type":"binary-expr","locations":[{"start":{"line":115,"column":30},"end":{"line":115,"column":56}},{"start":{"line":115,"column":60},"end":{"line":115,"column":81}}]},"19":{"loc":{"start":{"line":119,"column":4},"end":{"line":121,"column":5}},"type":"if","locations":[{"start":{"line":119,"column":4},"end":{"line":121,"column":5}}]},"20":{"loc":{"start":{"line":122,"column":4},"end":{"line":124,"column":5}},"type":"if","locations":[{"start":{"line":122,"column":4},"end":{"line":124,"column":5}}]},"21":{"loc":{"start":{"line":122,"column":8},"end":{"line":122,"column":75}},"type":"binary-expr","locations":[{"start":{"line":122,"column":8},"end":{"line":122,"column":34}},{"start":{"line":122,"column":38},"end":{"line":122,"column":75}}]},"22":{"loc":{"start":{"line":126,"column":35},"end":{"line":126,"column":74}},"type":"binary-expr","locations":[{"start":{"line":126,"column":35},"end":{"line":126,"column":51}},{"start":{"line":126,"column":55},"end":{"line":126,"column":74}}]},"23":{"loc":{"start":{"line":127,"column":34},"end":{"line":127,"column":80}},"type":"binary-expr","locations":[{"start":{"line":127,"column":34},"end":{"line":127,"column":56}},{"start":{"line":127,"column":60},"end":{"line":127,"column":80}}]},"24":{"loc":{"start":{"line":131,"column":27},"end":{"line":131,"column":78}},"type":"binary-expr","locations":[{"start":{"line":131,"column":27},"end":{"line":131,"column":48}},{"start":{"line":131,"column":52},"end":{"line":131,"column":78}}]},"25":{"loc":{"start":{"line":135,"column":4},"end":{"line":139,"column":5}},"type":"if","locations":[{"start":{"line":135,"column":4},"end":{"line":139,"column":5}}]},"26":{"loc":{"start":{"line":136,"column":15},"end":{"line":136,"column":46}},"type":"binary-expr","locations":[{"start":{"line":136,"column":15},"end":{"line":136,"column":21}},{"start":{"line":136,"column":25},"end":{"line":136,"column":46}}]},"27":{"loc":{"start":{"line":165,"column":14},"end":{"line":165,"column":49}},"type":"cond-expr","locations":[{"start":{"line":165,"column":31},"end":{"line":165,"column":37}},{"start":{"line":165,"column":40},"end":{"line":165,"column":49}}]},"28":{"loc":{"start":{"line":176,"column":4},"end":{"line":178,"column":5}},"type":"if","locations":[{"start":{"line":176,"column":4},"end":{"line":178,"column":5}}]},"29":{"loc":{"start":{"line":179,"column":4},"end":{"line":181,"column":5}},"type":"if","locations":[{"start":{"line":179,"column":4},"end":{"line":181,"column":5}}]},"30":{"loc":{"start":{"line":183,"column":4},"end":{"line":185,"column":5}},"type":"if","locations":[{"start":{"line":183,"column":4},"end":{"line":185,"column":5}}]},"31":{"loc":{"start":{"line":187,"column":4},"end":{"line":190,"column":5}},"type":"if","locations":[{"start":{"line":187,"column":4},"end":{"line":190,"column":5}}]},"32":{"loc":{"start":{"line":191,"column":4},"end":{"line":193,"column":5}},"type":"if","locations":[{"start":{"line":191,"column":4},"end":{"line":193,"column":5}}]},"33":{"loc":{"start":{"line":194,"column":4},"end":{"line":196,"column":5}},"type":"if","locations":[{"start":{"line":194,"column":4},"end":{"line":196,"column":5}}]},"34":{"loc":{"start":{"line":197,"column":4},"end":{"line":211,"column":5}},"type":"if","locations":[{"start":{"line":197,"column":4},"end":{"line":211,"column":5}}]},"35":{"loc":{"start":{"line":198,"column":6},"end":{"line":200,"column":7}},"type":"if","locations":[{"start":{"line":198,"column":6},"end":{"line":200,"column":7}}]},"36":{"loc":{"start":{"line":201,"column":6},"end":{"line":203,"column":7}},"type":"if","locations":[{"start":{"line":201,"column":6},"end":{"line":203,"column":7}}]},"37":{"loc":{"start":{"line":204,"column":6},"end":{"line":207,"column":7}},"type":"if","locations":[{"start":{"line":204,"column":6},"end":{"line":207,"column":7}}]},"38":{"loc":{"start":{"line":204,"column":10},"end":{"line":204,"column":64}},"type":"binary-expr","locations":[{"start":{"line":204,"column":10},"end":{"line":204,"column":32}},{"start":{"line":204,"column":36},"end":{"line":204,"column":64}}]},"39":{"loc":{"start":{"line":208,"column":6},"end":{"line":210,"column":7}},"type":"if","locations":[{"start":{"line":208,"column":6},"end":{"line":210,"column":7}}]},"40":{"loc":{"start":{"line":213,"column":4},"end":{"line":215,"column":5}},"type":"if","locations":[{"start":{"line":213,"column":4},"end":{"line":215,"column":5}}]},"41":{"loc":{"start":{"line":239,"column":19},"end":{"line":239,"column":57}},"type":"default-arg","locations":[{"start":{"line":239,"column":37},"end":{"line":239,"column":57}}]},"42":{"loc":{"start":{"line":266,"column":4},"end":{"line":268,"column":5}},"type":"if","locations":[{"start":{"line":266,"column":4},"end":{"line":268,"column":5}}]},"43":{"loc":{"start":{"line":266,"column":8},"end":{"line":266,"column":70}},"type":"binary-expr","locations":[{"start":{"line":266,"column":8},"end":{"line":266,"column":29}},{"start":{"line":266,"column":33},"end":{"line":266,"column":70}}]},"44":{"loc":{"start":{"line":270,"column":4},"end":{"line":272,"column":5}},"type":"if","locations":[{"start":{"line":270,"column":4},"end":{"line":272,"column":5}}]},"45":{"loc":{"start":{"line":270,"column":8},"end":{"line":270,"column":67}},"type":"binary-expr","locations":[{"start":{"line":270,"column":8},"end":{"line":270,"column":33}},{"start":{"line":270,"column":37},"end":{"line":270,"column":67}}]},"46":{"loc":{"start":{"line":280,"column":22},"end":{"line":280,"column":55}},"type":"default-arg","locations":[{"start":{"line":280,"column":35},"end":{"line":280,"column":55}}]},"47":{"loc":{"start":{"line":281,"column":16},"end":{"line":281,"column":66}},"type":"cond-expr","locations":[{"start":{"line":281,"column":33},"end":{"line":281,"column":43}},{"start":{"line":281,"column":46},"end":{"line":281,"column":66}}]},"48":{"loc":{"start":{"line":288,"column":4},"end":{"line":290,"column":5}},"type":"if","locations":[{"start":{"line":288,"column":4},"end":{"line":290,"column":5}}]},"49":{"loc":{"start":{"line":310,"column":4},"end":{"line":322,"column":5}},"type":"switch","locations":[{"start":{"line":311,"column":6},"end":{"line":312,"column":15}},{"start":{"line":313,"column":6},"end":{"line":314,"column":60}},{"start":{"line":315,"column":6},"end":{"line":316,"column":55}},{"start":{"line":317,"column":6},"end":{"line":318,"column":42}},{"start":{"line":319,"column":6},"end":{"line":319,"column":21}},{"start":{"line":320,"column":6},"end":{"line":321,"column":55}}]}},"s":{"0":5,"1":5,"2":5,"3":5,"4":5,"5":5,"6":5,"7":5,"8":5,"9":28,"10":22,"11":6,"12":6,"13":2,"14":2,"15":4,"16":4,"17":4,"18":2,"19":2,"20":4,"21":0,"22":0,"23":0,"24":0,"25":0,"26":33,"27":28,"28":28,"29":28,"30":28,"31":28,"32":28,"33":28,"34":28,"35":28,"36":28,"37":18,"38":1,"39":17,"40":2,"41":15,"42":15,"43":15,"44":15,"45":15,"46":15,"47":15,"48":15,"49":4,"50":4,"51":4,"52":15,"53":15,"54":15,"55":15,"56":18,"57":1,"58":17,"59":1,"60":16,"61":16,"62":1,"63":15,"64":15,"65":1,"66":1,"67":14,"68":1,"69":13,"70":2,"71":11,"72":5,"73":1,"74":4,"75":1,"76":3,"77":1,"78":1,"79":2,"80":1,"81":7,"82":7,"83":2,"84":5,"85":5,"86":5,"87":5,"88":4,"89":4,"90":3,"91":3,"92":3,"93":7,"94":3,"95":6,"96":1,"97":1,"98":3,"99":1,"100":2,"101":2,"102":1,"103":1,"104":38,"105":23,"106":23,"107":23,"108":23,"109":13,"110":1,"111":12,"112":12,"113":4,"114":4,"115":4,"116":4,"117":26,"118":26,"119":4,"120":6,"121":10,"122":5,"123":2,"124":1,"125":1,"126":1,"127":4,"128":5,"129":5},"f":{"0":28,"1":33,"2":28,"3":18,"4":18,"5":3,"6":7,"7":3,"8":6,"9":1,"10":1,"11":3,"12":38,"13":23,"14":13,"15":4,"16":6,"17":10,"18":4},"b":{"0":[5,2],"1":[5,5],"2":[22],"3":[2],"4":[4],"5":[2,2],"6":[0],"7":[23],"8":[28,28,28],"9":[28,23],"10":[28,28],"11":[28,27],"12":[27,0],"13":[27,27],"14":[28,28],"15":[28,28],"16":[28,27],"17":[28,27],"18":[28,28],"19":[1],"20":[2],"21":[17,4],"22":[15,15],"23":[15,14],"24":[15,15],"25":[4],"26":[4,4],"27":[4,11],"28":[1],"29":[1],"30":[1],"31":[1],"32":[1],"33":[2],"34":[5],"35":[1],"36":[1],"37":[1],"38":[3,3],"39":[1],"40":[2],"41":[2],"42":[1],"43":[3,2],"44":[1],"45":[2,2],"46":[5],"47":[23,0],"48":[1],"49":[5,2,1,1,1,1]}}
,"/Users/christoler/chai-vc-platform/backend/src/services/preAuthorizedCodeStore.ts": {"path":"/Users/christoler/chai-vc-platform/backend/src/services/preAuthorizedCodeStore.ts","statementMap":{"0":{"start":{"line":45,"column":10},"end":{"line":45,"column":63}},"1":{"start":{"line":46,"column":10},"end":{"line":46,"column":45}},"2":{"start":{"line":47,"column":10},"end":{"line":47,"column":49}},"3":{"start":{"line":50,"column":4},"end":{"line":50,"column":20}},"4":{"start":{"line":54,"column":4},"end":{"line":54,"column":49}},"5":{"start":{"line":58,"column":19},"end":{"line":58,"column":41}},"6":{"start":{"line":59,"column":4},"end":{"line":59,"column":46}},"7":{"start":{"line":63,"column":4},"end":{"line":63,"column":30}},"8":{"start":{"line":67,"column":19},"end":{"line":67,"column":41}},"9":{"start":{"line":68,"column":4},"end":{"line":68,"column":46}},"10":{"start":{"line":68,"column":17},"end":{"line":68,"column":46}},"11":{"start":{"line":69,"column":4},"end":{"line":72,"column":5}},"12":{"start":{"line":70,"column":6},"end":{"line":70,"column":32}},"13":{"start":{"line":71,"column":6},"end":{"line":71,"column":35}},"14":{"start":{"line":73,"column":4},"end":{"line":75,"column":5}},"15":{"start":{"line":74,"column":6},"end":{"line":74,"column":55}},"16":{"start":{"line":76,"column":4},"end":{"line":78,"column":5}},"17":{"start":{"line":77,"column":6},"end":{"line":77,"column":43}},"18":{"start":{"line":79,"column":45},"end":{"line":86,"column":6}},"19":{"start":{"line":87,"column":4},"end":{"line":87,"column":36}},"20":{"start":{"line":88,"column":4},"end":{"line":88,"column":52}},"21":{"start":{"line":92,"column":22},"end":{"line":92,"column":52}},"22":{"start":{"line":93,"column":4},"end":{"line":93,"column":38}},"23":{"start":{"line":94,"column":4},"end":{"line":96,"column":5}},"24":{"start":{"line":95,"column":6},"end":{"line":95,"column":49}},"25":{"start":{"line":97,"column":18},"end":{"line":100,"column":25}},"26":{"start":{"line":98,"column":6},"end":{"line":98,"column":32}},"27":{"start":{"line":99,"column":6},"end":{"line":99,"column":37}},"28":{"start":{"line":101,"column":4},"end":{"line":103,"column":5}},"29":{"start":{"line":102,"column":7},"end":{"line":102,"column":29}},"30":{"start":{"line":104,"column":4},"end":{"line":104,"column":39}},"31":{"start":{"line":108,"column":22},"end":{"line":108,"column":44}},"32":{"start":{"line":109,"column":4},"end":{"line":109,"column":33}},"33":{"start":{"line":109,"column":20},"end":{"line":109,"column":33}},"34":{"start":{"line":110,"column":4},"end":{"line":113,"column":5}},"35":{"start":{"line":111,"column":6},"end":{"line":111,"column":32}},"36":{"start":{"line":112,"column":6},"end":{"line":112,"column":19}},"37":{"start":{"line":114,"column":4},"end":{"line":114,"column":30}},"38":{"start":{"line":115,"column":4},"end":{"line":118,"column":5}},"39":{"start":{"line":116,"column":6},"end":{"line":116,"column":49}},"40":{"start":{"line":117,"column":6},"end":{"line":117,"column":37}},"41":{"start":{"line":119,"column":4},"end":{"line":119,"column":16}},"42":{"start":{"line":123,"column":4},"end":{"line":123,"column":25}},"43":{"start":{"line":124,"column":4},"end":{"line":124,"column":24}},"44":{"start":{"line":125,"column":4},"end":{"line":127,"column":5}},"45":{"start":{"line":126,"column":6},"end":{"line":126,"column":26}},"46":{"start":{"line":128,"column":4},"end":{"line":128,"column":29}},"47":{"start":{"line":44,"column":0},"end":{"line":44,"column":13}},"48":{"start":{"line":143,"column":25},"end":{"line":173,"column":2}},"49":{"start":{"line":179,"column":31},"end":{"line":179,"column":54}},"50":{"start":{"line":180,"column":4},"end":{"line":180,"column":39}},"51":{"start":{"line":181,"column":4},"end":{"line":181,"column":41}},"52":{"start":{"line":185,"column":4},"end":{"line":185,"column":19}},"53":{"start":{"line":189,"column":20},"end":{"line":189,"column":42}},"54":{"start":{"line":190,"column":19},"end":{"line":190,"column":113}},"55":{"start":{"line":191,"column":4},"end":{"line":193,"column":5}},"56":{"start":{"line":192,"column":6},"end":{"line":192,"column":55}},"57":{"start":{"line":197,"column":16},"end":{"line":197,"column":57}},"58":{"start":{"line":198,"column":4},"end":{"line":198,"column":31}},"59":{"start":{"line":198,"column":14},"end":{"line":198,"column":31}},"60":{"start":{"line":199,"column":4},"end":{"line":203,"column":5}},"61":{"start":{"line":200,"column":6},"end":{"line":200,"column":56}},"62":{"start":{"line":202,"column":6},"end":{"line":202,"column":23}},"63":{"start":{"line":207,"column":4},"end":{"line":207,"column":46}},"64":{"start":{"line":211,"column":16},"end":{"line":220,"column":6}},"65":{"start":{"line":221,"column":4},"end":{"line":221,"column":43}},"66":{"start":{"line":221,"column":14},"end":{"line":221,"column":43}},"67":{"start":{"line":223,"column":4},"end":{"line":227,"column":5}},"68":{"start":{"line":224,"column":6},"end":{"line":224,"column":53}},"69":{"start":{"line":226,"column":6},"end":{"line":226,"column":35}},"70":{"start":{"line":228,"column":4},"end":{"line":230,"column":5}},"71":{"start":{"line":229,"column":6},"end":{"line":229,"column":20}},"72":{"start":{"line":231,"column":4},"end":{"line":231,"column":51}},"73":{"start":{"line":235,"column":4},"end":{"line":235,"column":80}},"74":{"start":{"line":239,"column":19},"end":{"line":249,"column":null}},"75":{"start":{"line":251,"column":4},"end":{"line":251,"column":24}},"76":{"start":{"line":255,"column":30},"end":{"line":255,"column":32}},"77":{"start":{"line":256,"column":4},"end":{"line":258,"column":5}},"78":{"start":{"line":257,"column":6},"end":{"line":257,"column":24}},"79":{"start":{"line":259,"column":4},"end":{"line":261,"column":5}},"80":{"start":{"line":260,"column":6},"end":{"line":260,"column":24}},"81":{"start":{"line":262,"column":4},"end":{"line":264,"column":5}},"82":{"start":{"line":263,"column":6},"end":{"line":263,"column":37}},"83":{"start":{"line":268,"column":4},"end":{"line":268,"column":30}},"84":{"start":{"line":272,"column":4},"end":{"line":272,"column":39}},"85":{"start":{"line":276,"column":4},"end":{"line":276,"column":41}},"86":{"start":{"line":175,"column":0},"end":{"line":175,"column":13}}},"fnMap":{"0":{"name":"(anonymous_0)","decl":{"start":{"line":44,"column":0},"end":{"line":44,"column":13}},"loc":{"start":{"line":44,"column":0},"end":{"line":130,"column":1}}},"1":{"name":"(anonymous_1)","decl":{"start":{"line":49,"column":2},"end":{"line":49,"column":6}},"loc":{"start":{"line":49,"column":6},"end":{"line":51,"column":3}}},"2":{"name":"(anonymous_2)","decl":{"start":{"line":53,"column":2},"end":{"line":53,"column":7}},"loc":{"start":{"line":53,"column":69},"end":{"line":55,"column":3}}},"3":{"name":"(anonymous_3)","decl":{"start":{"line":57,"column":2},"end":{"line":57,"column":7}},"loc":{"start":{"line":57,"column":28},"end":{"line":60,"column":3}}},"4":{"name":"(anonymous_4)","decl":{"start":{"line":62,"column":2},"end":{"line":62,"column":7}},"loc":{"start":{"line":62,"column":31},"end":{"line":64,"column":3}}},"5":{"name":"(anonymous_5)","decl":{"start":{"line":66,"column":2},"end":{"line":66,"column":7}},"loc":{"start":{"line":66,"column":59},"end":{"line":89,"column":3}}},"6":{"name":"(anonymous_6)","decl":{"start":{"line":91,"column":2},"end":{"line":91,"column":7}},"loc":{"start":{"line":91,"column":51},"end":{"line":105,"column":3}}},"7":{"name":"(anonymous_7)","decl":{"start":{"line":97,"column":29},"end":{"line":97,"column":32}},"loc":{"start":{"line":97,"column":34},"end":{"line":100,"column":5}}},"8":{"name":"(anonymous_8)","decl":{"start":{"line":107,"column":2},"end":{"line":107,"column":7}},"loc":{"start":{"line":107,"column":34},"end":{"line":120,"column":3}}},"9":{"name":"(anonymous_9)","decl":{"start":{"line":122,"column":2},"end":{"line":122,"column":7}},"loc":{"start":{"line":122,"column":13},"end":{"line":129,"column":3}}},"10":{"name":"(anonymous_10)","decl":{"start":{"line":179,"column":2},"end":{"line":179,"column":31}},"loc":{"start":{"line":179,"column":84},"end":{"line":182,"column":3}}},"11":{"name":"(anonymous_11)","decl":{"start":{"line":184,"column":2},"end":{"line":184,"column":6}},"loc":{"start":{"line":184,"column":6},"end":{"line":186,"column":3}}},"12":{"name":"(anonymous_12)","decl":{"start":{"line":188,"column":2},"end":{"line":188,"column":7}},"loc":{"start":{"line":188,"column":68},"end":{"line":194,"column":3}}},"13":{"name":"(anonymous_13)","decl":{"start":{"line":196,"column":2},"end":{"line":196,"column":7}},"loc":{"start":{"line":196,"column":28},"end":{"line":204,"column":3}}},"14":{"name":"(anonymous_14)","decl":{"start":{"line":206,"column":2},"end":{"line":206,"column":7}},"loc":{"start":{"line":206,"column":31},"end":{"line":208,"column":3}}},"15":{"name":"(anonymous_15)","decl":{"start":{"line":210,"column":2},"end":{"line":210,"column":7}},"loc":{"start":{"line":210,"column":59},"end":{"line":232,"column":3}}},"16":{"name":"(anonymous_16)","decl":{"start":{"line":234,"column":2},"end":{"line":234,"column":7}},"loc":{"start":{"line":234,"column":51},"end":{"line":236,"column":3}}},"17":{"name":"(anonymous_17)","decl":{"start":{"line":238,"column":2},"end":{"line":238,"column":7}},"loc":{"start":{"line":238,"column":34},"end":{"line":252,"column":3}}},"18":{"name":"(anonymous_18)","decl":{"start":{"line":254,"column":2},"end":{"line":254,"column":7}},"loc":{"start":{"line":254,"column":13},"end":{"line":265,"column":3}}},"19":{"name":"(anonymous_19)","decl":{"start":{"line":267,"column":2},"end":{"line":267,"column":6}},"loc":{"start":{"line":267,"column":6},"end":{"line":269,"column":3}}},"20":{"name":"(anonymous_20)","decl":{"start":{"line":271,"column":10},"end":{"line":271,"column":17}},"loc":{"start":{"line":271,"column":30},"end":{"line":273,"column":3}}},"21":{"name":"(anonymous_21)","decl":{"start":{"line":275,"column":10},"end":{"line":275,"column":18}},"loc":{"start":{"line":275,"column":32},"end":{"line":277,"column":3}}}},"branchMap":{"0":{"loc":{"start":{"line":59,"column":11},"end":{"line":59,"column":45}},"type":"cond-expr","locations":[{"start":{"line":59,"column":20},"end":{"line":59,"column":33}},{"start":{"line":59,"column":36},"end":{"line":59,"column":45}}]},"1":{"loc":{"start":{"line":68,"column":4},"end":{"line":68,"column":46}},"type":"if","locations":[{"start":{"line":68,"column":4},"end":{"line":68,"column":46}}]},"2":{"loc":{"start":{"line":69,"column":4},"end":{"line":72,"column":5}},"type":"if","locations":[{"start":{"line":69,"column":4},"end":{"line":72,"column":5}}]},"3":{"loc":{"start":{"line":73,"column":4},"end":{"line":75,"column":5}},"type":"if","locations":[{"start":{"line":73,"column":4},"end":{"line":75,"column":5}}]},"4":{"loc":{"start":{"line":76,"column":4},"end":{"line":78,"column":5}},"type":"if","locations":[{"start":{"line":76,"column":4},"end":{"line":78,"column":5}}]},"5":{"loc":{"start":{"line":94,"column":4},"end":{"line":96,"column":5}},"type":"if","locations":[{"start":{"line":94,"column":4},"end":{"line":96,"column":5}}]},"6":{"loc":{"start":{"line":101,"column":4},"end":{"line":103,"column":5}},"type":"if","locations":[{"start":{"line":101,"column":4},"end":{"line":103,"column":5}}]},"7":{"loc":{"start":{"line":109,"column":4},"end":{"line":109,"column":33}},"type":"if","locations":[{"start":{"line":109,"column":4},"end":{"line":109,"column":33}}]},"8":{"loc":{"start":{"line":110,"column":4},"end":{"line":113,"column":5}},"type":"if","locations":[{"start":{"line":110,"column":4},"end":{"line":113,"column":5}}]},"9":{"loc":{"start":{"line":115,"column":4},"end":{"line":118,"column":5}},"type":"if","locations":[{"start":{"line":115,"column":4},"end":{"line":118,"column":5}}]},"10":{"loc":{"start":{"line":179,"column":56},"end":{"line":179,"column":84}},"type":"default-arg","locations":[{"start":{"line":179,"column":65},"end":{"line":179,"column":84}}]},"11":{"loc":{"start":{"line":191,"column":4},"end":{"line":193,"column":5}},"type":"if","locations":[{"start":{"line":191,"column":4},"end":{"line":193,"column":5}}]},"12":{"loc":{"start":{"line":198,"column":4},"end":{"line":198,"column":31}},"type":"if","locations":[{"start":{"line":198,"column":4},"end":{"line":198,"column":31}}]},"13":{"loc":{"start":{"line":221,"column":4},"end":{"line":221,"column":43}},"type":"if","locations":[{"start":{"line":221,"column":4},"end":{"line":221,"column":43}}]},"14":{"loc":{"start":{"line":228,"column":4},"end":{"line":230,"column":5}},"type":"if","locations":[{"start":{"line":228,"column":4},"end":{"line":230,"column":5}}]},"15":{"loc":{"start":{"line":228,"column":8},"end":{"line":228,"column":48}},"type":"binary-expr","locations":[{"start":{"line":228,"column":8},"end":{"line":228,"column":30}},{"start":{"line":228,"column":34},"end":{"line":228,"column":48}}]},"16":{"loc":{"start":{"line":262,"column":4},"end":{"line":264,"column":5}},"type":"if","locations":[{"start":{"line":262,"column":4},"end":{"line":264,"column":5}}]}},"s":{"0":31,"1":31,"2":31,"3":4,"4":18,"5":19,"6":19,"7":2,"8":5,"9":5,"10":0,"11":5,"12":0,"13":0,"14":5,"15":1,"16":4,"17":0,"18":4,"19":4,"20":4,"21":23,"22":23,"23":23,"24":0,"25":23,"26":2,"27":2,"28":23,"29":23,"30":23,"31":8,"32":8,"33":2,"34":6,"35":0,"36":0,"37":6,"38":6,"39":6,"40":6,"41":6,"42":7,"43":7,"44":7,"45":4,"46":7,"47":5,"48":5,"49":1,"50":1,"51":1,"52":0,"53":1,"54":1,"55":1,"56":0,"57":2,"58":2,"59":1,"60":1,"61":1,"62":0,"63":0,"64":3,"65":3,"66":0,"67":3,"68":3,"69":0,"70":3,"71":2,"72":1,"73":1,"74":2,"75":2,"76":1,"77":1,"78":1,"79":1,"80":0,"81":1,"82":1,"83":0,"84":6,"85":3,"86":5},"f":{"0":31,"1":4,"2":18,"3":19,"4":2,"5":5,"6":23,"7":2,"8":8,"9":7,"10":1,"11":0,"12":1,"13":2,"14":0,"15":3,"16":1,"17":2,"18":1,"19":0,"20":6,"21":3},"b":{"0":[18,1],"1":[0],"2":[0],"3":[1],"4":[0],"5":[0],"6":[23],"7":[2],"8":[0],"9":[6],"10":[1],"11":[0],"12":[1],"13":[0],"14":[2],"15":[3,1],"16":[1]}}
,"/Users/christoler/chai-vc-platform/backend/src/services/redisClientFactory.ts": {"path":"/Users/christoler/chai-vc-platform/backend/src/services/redisClientFactory.ts","statementMap":{"0":{"start":{"line":28,"column":0},"end":{"line":28,"column":16}},"1":{"start":{"line":173,"column":0},"end":{"line":173,"column":16}},"2":{"start":{"line":193,"column":0},"end":{"line":193,"column":16}},"3":{"start":{"line":1,"column":0},"end":{"line":1,"column":52}},"4":{"start":{"line":2,"column":0},"end":{"line":2,"column":33}},"5":{"start":{"line":5,"column":22},"end":{"line":5,"column":41}},"6":{"start":{"line":9,"column":46},"end":{"line":14,"column":2}},"7":{"start":{"line":17,"column":14},"end":{"line":17,"column":61}},"8":{"start":{"line":18,"column":2},"end":{"line":20,"column":3}},"9":{"start":{"line":19,"column":4},"end":{"line":19,"column":15}},"10":{"start":{"line":21,"column":2},"end":{"line":21,"column":16}},"11":{"start":{"line":25,"column":2},"end":{"line":25,"column":62}},"12":{"start":{"line":29,"column":2},"end":{"line":29,"column":32}},"13":{"start":{"line":29,"column":25},"end":{"line":29,"column":32}},"14":{"start":{"line":30,"column":18},"end":{"line":30,"column":71}},"15":{"start":{"line":31,"column":2},"end":{"line":45,"column":3}},"16":{"start":{"line":33,"column":6},"end":{"line":33,"column":29}},"17":{"start":{"line":34,"column":6},"end":{"line":34,"column":12}},"18":{"start":{"line":36,"column":6},"end":{"line":36,"column":28}},"19":{"start":{"line":37,"column":6},"end":{"line":37,"column":12}},"20":{"start":{"line":39,"column":6},"end":{"line":39,"column":28}},"21":{"start":{"line":40,"column":6},"end":{"line":40,"column":12}},"22":{"start":{"line":43,"column":6},"end":{"line":43,"column":29}},"23":{"start":{"line":44,"column":6},"end":{"line":44,"column":12}},"24":{"start":{"line":61,"column":31},"end":{"line":61,"column":54}},"25":{"start":{"line":64,"column":4},"end":{"line":64,"column":32}},"26":{"start":{"line":68,"column":4},"end":{"line":68,"column":48}},"27":{"start":{"line":72,"column":4},"end":{"line":72,"column":32}},"28":{"start":{"line":76,"column":4},"end":{"line":76,"column":48}},"29":{"start":{"line":80,"column":4},"end":{"line":80,"column":45}},"30":{"start":{"line":84,"column":4},"end":{"line":84,"column":30}},"31":{"start":{"line":89,"column":31},"end":{"line":89,"column":42}},"32":{"start":{"line":92,"column":16},"end":{"line":92,"column":45}},"33":{"start":{"line":93,"column":4},"end":{"line":93,"column":45}},"34":{"start":{"line":93,"column":33},"end":{"line":93,"column":45}},"35":{"start":{"line":94,"column":4},"end":{"line":94,"column":15}},"36":{"start":{"line":98,"column":17},"end":{"line":98,"column":62}},"37":{"start":{"line":99,"column":4},"end":{"line":99,"column":36}},"38":{"start":{"line":99,"column":20},"end":{"line":99,"column":36}},"39":{"start":{"line":100,"column":16},"end":{"line":100,"column":37}},"40":{"start":{"line":101,"column":4},"end":{"line":101,"column":40}},"41":{"start":{"line":105,"column":17},"end":{"line":105,"column":49}},"42":{"start":{"line":108,"column":16},"end":{"line":108,"column":49}},"43":{"start":{"line":109,"column":4},"end":{"line":109,"column":23}},"44":{"start":{"line":113,"column":17},"end":{"line":113,"column":35}},"45":{"start":{"line":114,"column":17},"end":{"line":114,"column":40}},"46":{"start":{"line":115,"column":20},"end":{"line":115,"column":97}},"47":{"start":{"line":115,"column":86},"end":{"line":115,"column":95}},"48":{"start":{"line":116,"column":16},"end":{"line":116,"column":40}},"49":{"start":{"line":117,"column":4},"end":{"line":119,"column":5}},"50":{"start":{"line":118,"column":6},"end":{"line":118,"column":34}},"51":{"start":{"line":120,"column":4},"end":{"line":122,"column":5}},"52":{"start":{"line":121,"column":6},"end":{"line":121,"column":41}},"53":{"start":{"line":123,"column":4},"end":{"line":127,"column":5}},"54":{"start":{"line":124,"column":6},"end":{"line":124,"column":34}},"55":{"start":{"line":126,"column":6},"end":{"line":126,"column":33}},"56":{"start":{"line":131,"column":17},"end":{"line":131,"column":20}},"57":{"start":{"line":132,"column":21},"end":{"line":132,"column":74}},"58":{"start":{"line":133,"column":4},"end":{"line":144,"column":29}},"59":{"start":{"line":134,"column":18},"end":{"line":134,"column":88}},"60":{"start":{"line":135,"column":20},"end":{"line":135,"column":65}},"61":{"start":{"line":135,"column":53},"end":{"line":135,"column":64}},"62":{"start":{"line":136,"column":6},"end":{"line":139,"column":7}},"63":{"start":{"line":137,"column":8},"end":{"line":137,"column":21}},"64":{"start":{"line":138,"column":8},"end":{"line":138,"column":15}},"65":{"start":{"line":140,"column":6},"end":{"line":140,"column":24}},"66":{"start":{"line":141,"column":6},"end":{"line":143,"column":7}},"67":{"start":{"line":141,"column":19},"end":{"line":141,"column":20}},"68":{"start":{"line":142,"column":8},"end":{"line":142,"column":23}},"69":{"start":{"line":148,"column":4},"end":{"line":148,"column":31}},"70":{"start":{"line":152,"column":23},"end":{"line":154,"column":6}},"71":{"start":{"line":155,"column":4},"end":{"line":155,"column":25}},"72":{"start":{"line":169,"column":2},"end":{"line":169,"column":26}},"73":{"start":{"line":169,"column":13},"end":{"line":169,"column":26}},"74":{"start":{"line":170,"column":2},"end":{"line":170,"column":53}},"75":{"start":{"line":174,"column":2},"end":{"line":190,"column":3}},"76":{"start":{"line":176,"column":4},"end":{"line":176,"column":21}},"77":{"start":{"line":177,"column":4},"end":{"line":177,"column":44}},"78":{"start":{"line":179,"column":4},"end":{"line":189,"column":5}},"79":{"start":{"line":180,"column":19},"end":{"line":180,"column":84}},"80":{"start":{"line":181,"column":6},"end":{"line":183,"column":7}},"81":{"start":{"line":182,"column":8},"end":{"line":182,"column":47}},"82":{"start":{"line":184,"column":21},"end":{"line":184,"column":62}},"83":{"start":{"line":185,"column":6},"end":{"line":185,"column":126}},"84":{"start":{"line":187,"column":21},"end":{"line":187,"column":54}},"85":{"start":{"line":188,"column":6},"end":{"line":188,"column":102}},"86":{"start":{"line":194,"column":16},"end":{"line":194,"column":31}},"87":{"start":{"line":195,"column":2},"end":{"line":205,"column":3}},"88":{"start":{"line":196,"column":4},"end":{"line":203,"column":5}},"89":{"start":{"line":197,"column":6},"end":{"line":200,"column":9}},"90":{"start":{"line":201,"column":11},"end":{"line":203,"column":5}},"91":{"start":{"line":202,"column":6},"end":{"line":202,"column":81}},"92":{"start":{"line":204,"column":4},"end":{"line":204,"column":21}},"93":{"start":{"line":207,"column":2},"end":{"line":211,"column":3}},"94":{"start":{"line":210,"column":4},"end":{"line":210,"column":35}},"95":{"start":{"line":213,"column":2},"end":{"line":255,"column":3}},"96":{"start":{"line":215,"column":29},"end":{"line":215,"column":112}},"97":{"start":{"line":216,"column":19},"end":{"line":216,"column":40}},"98":{"start":{"line":235,"column":4},"end":{"line":235,"column":42}},"99":{"start":{"line":237,"column":4},"end":{"line":239,"column":7}},"100":{"start":{"line":240,"column":21},"end":{"line":240,"column":86}},"101":{"start":{"line":247,"column":19},"end":{"line":247,"column":68}},"102":{"start":{"line":248,"column":29},"end":{"line":248,"column":55}},"103":{"start":{"line":254,"column":4},"end":{"line":254,"column":21}},"104":{"start":{"line":258,"column":13},"end":{"line":258,"column":32}}},"fnMap":{"0":{"name":"currentLogLevel","decl":{"start":{"line":16,"column":9},"end":{"line":16,"column":24}},"loc":{"start":{"line":16,"column":24},"end":{"line":22,"column":1}}},"1":{"name":"shouldLog","decl":{"start":{"line":24,"column":9},"end":{"line":24,"column":18}},"loc":{"start":{"line":24,"column":34},"end":{"line":26,"column":1}}},"2":{"name":"redisLog","decl":{"start":{"line":28,"column":16},"end":{"line":28,"column":24}},"loc":{"start":{"line":28,"column":89},"end":{"line":46,"column":1}}},"3":{"name":"(anonymous_3)","decl":{"start":{"line":61,"column":2},"end":{"line":61,"column":31}},"loc":{"start":{"line":61,"column":54},"end":{"line":61,"column":58}}},"4":{"name":"(anonymous_4)","decl":{"start":{"line":63,"column":2},"end":{"line":63,"column":5}},"loc":{"start":{"line":63,"column":17},"end":{"line":65,"column":3}}},"5":{"name":"(anonymous_5)","decl":{"start":{"line":67,"column":2},"end":{"line":67,"column":5}},"loc":{"start":{"line":67,"column":71},"end":{"line":69,"column":3}}},"6":{"name":"(anonymous_6)","decl":{"start":{"line":71,"column":2},"end":{"line":71,"column":5}},"loc":{"start":{"line":71,"column":28},"end":{"line":73,"column":3}}},"7":{"name":"(anonymous_7)","decl":{"start":{"line":75,"column":2},"end":{"line":75,"column":6}},"loc":{"start":{"line":75,"column":97},"end":{"line":77,"column":3}}},"8":{"name":"(anonymous_8)","decl":{"start":{"line":79,"column":2},"end":{"line":79,"column":14}},"loc":{"start":{"line":79,"column":57},"end":{"line":81,"column":3}}},"9":{"name":"(anonymous_9)","decl":{"start":{"line":83,"column":2},"end":{"line":83,"column":6}},"loc":{"start":{"line":83,"column":6},"end":{"line":85,"column":3}}},"10":{"name":"(anonymous_10)","decl":{"start":{"line":89,"column":2},"end":{"line":89,"column":31}},"loc":{"start":{"line":89,"column":42},"end":{"line":89,"column":46}}},"11":{"name":"(anonymous_11)","decl":{"start":{"line":91,"column":2},"end":{"line":91,"column":7}},"loc":{"start":{"line":91,"column":23},"end":{"line":95,"column":3}}},"12":{"name":"(anonymous_12)","decl":{"start":{"line":97,"column":2},"end":{"line":97,"column":7}},"loc":{"start":{"line":97,"column":77},"end":{"line":102,"column":3}}},"13":{"name":"(anonymous_13)","decl":{"start":{"line":104,"column":2},"end":{"line":104,"column":7}},"loc":{"start":{"line":104,"column":34},"end":{"line":110,"column":3}}},"14":{"name":"(anonymous_14)","decl":{"start":{"line":112,"column":2},"end":{"line":112,"column":7}},"loc":{"start":{"line":112,"column":103},"end":{"line":128,"column":3}}},"15":{"name":"(anonymous_15)","decl":{"start":{"line":115,"column":79},"end":{"line":115,"column":80}},"loc":{"start":{"line":115,"column":86},"end":{"line":115,"column":95}}},"16":{"name":"(anonymous_16)","decl":{"start":{"line":130,"column":2},"end":{"line":130,"column":7}},"loc":{"start":{"line":130,"column":64},"end":{"line":145,"column":3}}},"17":{"name":"(anonymous_17)","decl":{"start":{"line":135,"column":43},"end":{"line":135,"column":44}},"loc":{"start":{"line":135,"column":53},"end":{"line":135,"column":64}}},"18":{"name":"(anonymous_18)","decl":{"start":{"line":147,"column":2},"end":{"line":147,"column":6}},"loc":{"start":{"line":147,"column":6},"end":{"line":149,"column":3}}},"19":{"name":"(anonymous_19)","decl":{"start":{"line":151,"column":10},"end":{"line":151,"column":15}},"loc":{"start":{"line":151,"column":35},"end":{"line":156,"column":3}}},"20":{"name":"isPermissionDenied","decl":{"start":{"line":168,"column":9},"end":{"line":168,"column":27}},"loc":{"start":{"line":168,"column":52},"end":{"line":171,"column":1}}},"21":{"name":"probeRedis","decl":{"start":{"line":173,"column":16},"end":{"line":173,"column":26}},"loc":{"start":{"line":173,"column":38},"end":{"line":191,"column":1}}},"22":{"name":"createRedisClient","decl":{"start":{"line":193,"column":16},"end":{"line":193,"column":33}},"loc":{"start":{"line":193,"column":45},"end":{"line":256,"column":1}}}},"branchMap":{"0":{"loc":{"start":{"line":17,"column":15},"end":{"line":17,"column":46}},"type":"binary-expr","locations":[{"start":{"line":17,"column":15},"end":{"line":17,"column":36}},{"start":{"line":17,"column":40},"end":{"line":17,"column":46}}]},"1":{"loc":{"start":{"line":18,"column":2},"end":{"line":20,"column":3}},"type":"if","locations":[{"start":{"line":18,"column":2},"end":{"line":20,"column":3}}]},"2":{"loc":{"start":{"line":18,"column":6},"end":{"line":18,"column":76}},"type":"binary-expr","locations":[{"start":{"line":18,"column":6},"end":{"line":18,"column":21}},{"start":{"line":18,"column":25},"end":{"line":18,"column":39}},{"start":{"line":18,"column":43},"end":{"line":18,"column":57}},{"start":{"line":18,"column":61},"end":{"line":18,"column":76}}]},"3":{"loc":{"start":{"line":29,"column":2},"end":{"line":29,"column":32}},"type":"if","locations":[{"start":{"line":29,"column":2},"end":{"line":29,"column":32}}]},"4":{"loc":{"start":{"line":30,"column":18},"end":{"line":30,"column":71}},"type":"cond-expr","locations":[{"start":{"line":30,"column":25},"end":{"line":30,"column":61}},{"start":{"line":30,"column":64},"end":{"line":30,"column":71}}]},"5":{"loc":{"start":{"line":31,"column":2},"end":{"line":45,"column":3}},"type":"switch","locations":[{"start":{"line":32,"column":4},"end":{"line":34,"column":12}},{"start":{"line":35,"column":4},"end":{"line":37,"column":12}},{"start":{"line":38,"column":4},"end":{"line":40,"column":12}},{"start":{"line":41,"column":4},"end":{"line":41,"column":17}},{"start":{"line":42,"column":4},"end":{"line":44,"column":12}}]},"6":{"loc":{"start":{"line":93,"column":4},"end":{"line":93,"column":45}},"type":"if","locations":[{"start":{"line":93,"column":4},"end":{"line":93,"column":45}}]},"7":{"loc":{"start":{"line":93,"column":8},"end":{"line":93,"column":31}},"type":"binary-expr","locations":[{"start":{"line":93,"column":8},"end":{"line":93,"column":12}},{"start":{"line":93,"column":16},"end":{"line":93,"column":31}}]},"8":{"loc":{"start":{"line":99,"column":4},"end":{"line":99,"column":36}},"type":"if","locations":[{"start":{"line":99,"column":4},"end":{"line":99,"column":36}}]},"9":{"loc":{"start":{"line":101,"column":11},"end":{"line":101,"column":39}},"type":"cond-expr","locations":[{"start":{"line":101,"column":29},"end":{"line":101,"column":33}},{"start":{"line":101,"column":36},"end":{"line":101,"column":39}}]},"10":{"loc":{"start":{"line":105,"column":17},"end":{"line":105,"column":49}},"type":"cond-expr","locations":[{"start":{"line":105,"column":38},"end":{"line":105,"column":41}},{"start":{"line":105,"column":44},"end":{"line":105,"column":49}}]},"11":{"loc":{"start":{"line":113,"column":17},"end":{"line":113,"column":35}},"type":"binary-expr","locations":[{"start":{"line":113,"column":17},"end":{"line":113,"column":29}},{"start":{"line":113,"column":33},"end":{"line":113,"column":35}}]},"12":{"loc":{"start":{"line":114,"column":17},"end":{"line":114,"column":40}},"type":"binary-expr","locations":[{"start":{"line":114,"column":17},"end":{"line":114,"column":34}},{"start":{"line":114,"column":38},"end":{"line":114,"column":40}}]},"13":{"loc":{"start":{"line":117,"column":4},"end":{"line":119,"column":5}},"type":"if","locations":[{"start":{"line":117,"column":4},"end":{"line":119,"column":5}}]},"14":{"loc":{"start":{"line":117,"column":8},"end":{"line":117,"column":37}},"type":"binary-expr","locations":[{"start":{"line":117,"column":8},"end":{"line":117,"column":23}},{"start":{"line":117,"column":27},"end":{"line":117,"column":37}}]},"15":{"loc":{"start":{"line":120,"column":4},"end":{"line":122,"column":5}},"type":"if","locations":[{"start":{"line":120,"column":4},"end":{"line":122,"column":5}}]},"16":{"loc":{"start":{"line":132,"column":21},"end":{"line":132,"column":74}},"type":"cond-expr","locations":[{"start":{"line":132,"column":37},"end":{"line":132,"column":69}},{"start":{"line":132,"column":72},"end":{"line":132,"column":74}}]},"17":{"loc":{"start":{"line":136,"column":6},"end":{"line":139,"column":7}},"type":"if","locations":[{"start":{"line":136,"column":6},"end":{"line":139,"column":7}}]},"18":{"loc":{"start":{"line":169,"column":2},"end":{"line":169,"column":26}},"type":"if","locations":[{"start":{"line":169,"column":2},"end":{"line":169,"column":26}}]},"19":{"loc":{"start":{"line":181,"column":6},"end":{"line":183,"column":7}},"type":"if","locations":[{"start":{"line":181,"column":6},"end":{"line":183,"column":7}}]},"20":{"loc":{"start":{"line":184,"column":22},"end":{"line":184,"column":54}},"type":"binary-expr","locations":[{"start":{"line":184,"column":22},"end":{"line":184,"column":33}},{"start":{"line":184,"column":37},"end":{"line":184,"column":48}},{"start":{"line":184,"column":52},"end":{"line":184,"column":54}}]},"21":{"loc":{"start":{"line":185,"column":47},"end":{"line":185,"column":77}},"type":"binary-expr","locations":[{"start":{"line":185,"column":47},"end":{"line":185,"column":53}},{"start":{"line":185,"column":57},"end":{"line":185,"column":77}}]},"22":{"loc":{"start":{"line":187,"column":21},"end":{"line":187,"column":54}},"type":"binary-expr","locations":[{"start":{"line":187,"column":21},"end":{"line":187,"column":36}},{"start":{"line":187,"column":40},"end":{"line":187,"column":54}}]},"23":{"loc":{"start":{"line":195,"column":2},"end":{"line":205,"column":3}},"type":"if","locations":[{"start":{"line":195,"column":2},"end":{"line":205,"column":3}}]},"24":{"loc":{"start":{"line":196,"column":4},"end":{"line":203,"column":5}},"type":"if","locations":[{"start":{"line":196,"column":4},"end":{"line":203,"column":5}},{"start":{"line":201,"column":11},"end":{"line":203,"column":5}}]},"25":{"loc":{"start":{"line":201,"column":11},"end":{"line":203,"column":5}},"type":"if","locations":[{"start":{"line":201,"column":11},"end":{"line":203,"column":5}}]},"26":{"loc":{"start":{"line":207,"column":2},"end":{"line":211,"column":3}},"type":"if","locations":[{"start":{"line":207,"column":2},"end":{"line":211,"column":3}}]},"27":{"loc":{"start":{"line":238,"column":13},"end":{"line":238,"column":53}},"type":"cond-expr","locations":[{"start":{"line":238,"column":36},"end":{"line":238,"column":47}},{"start":{"line":238,"column":50},"end":{"line":238,"column":53}}]},"28":{"loc":{"start":{"line":247,"column":20},"end":{"line":247,"column":60}},"type":"binary-expr","locations":[{"start":{"line":247,"column":20},"end":{"line":247,"column":35}},{"start":{"line":247,"column":39},"end":{"line":247,"column":54}},{"start":{"line":247,"column":58},"end":{"line":247,"column":60}}]}},"s":{"0":14,"1":14,"2":14,"3":14,"4":14,"5":14,"6":14,"7":18,"8":18,"9":17,"10":1,"11":18,"12":18,"13":10,"14":8,"15":8,"16":3,"17":3,"18":2,"19":2,"20":2,"21":2,"22":1,"23":1,"24":2,"25":1,"26":1,"27":1,"28":1,"29":1,"30":1,"31":1,"32":2,"33":2,"34":1,"35":1,"36":2,"37":2,"38":2,"39":2,"40":2,"41":2,"42":1,"43":1,"44":4,"45":4,"46":4,"47":0,"48":4,"49":4,"50":1,"51":3,"52":1,"53":2,"54":2,"55":1,"56":2,"57":2,"58":2,"59":2,"60":2,"61":4,"62":2,"63":1,"64":1,"65":1,"66":1,"67":1,"68":2,"69":1,"70":12,"71":12,"72":9,"73":0,"74":9,"75":15,"76":15,"77":5,"78":10,"79":10,"80":9,"81":2,"82":7,"83":7,"84":1,"85":1,"86":7,"87":7,"88":3,"89":1,"90":2,"91":2,"92":3,"93":4,"94":1,"95":3,"96":3,"97":3,"98":2,"99":1,"100":1,"101":1,"102":1,"103":1,"104":14},"f":{"0":18,"1":18,"2":18,"3":2,"4":1,"5":1,"6":1,"7":1,"8":1,"9":1,"10":1,"11":2,"12":2,"13":2,"14":4,"15":0,"16":2,"17":4,"18":1,"19":12,"20":9,"21":15,"22":7},"b":{"0":[18,1],"1":[17],"2":[18,14,13,9],"3":[10],"4":[4,4],"5":[3,2,2,1,1],"6":[1],"7":[2,2],"8":[2],"9":[1,1],"10":[2,0],"11":[4,0],"12":[4,0],"13":[1],"14":[4,3],"15":[1],"16":[1,1],"17":[1],"18":[0],"19":[2],"20":[7,0,0],"21":[7,0],"22":[1,0],"23":[3],"24":[1,2],"25":[2],"26":[1],"27":[1,0],"28":[1,0,0]}}
}
