TN:
SF:src/controllers/health_controller.ts
FN:4,redisHealth
FNF:1
FNH:1
FNDA:3,redisHealth
DA:2,1
DA:4,1
DA:5,3
DA:6,1
DA:7,1
DA:9,2
DA:10,2
DA:11,1
DA:13,1
DA:14,1
LF:10
LH:10
BRDA:5,0,0,1
BRDA:13,1,0,1
BRDA:13,1,1,0
BRF:3
BRH:2
end_of_record
TN:
SF:src/controllers/oidc4vci_controller.ts
FN:9,issuerMetadata
FN:42,createPreAuthorizedCode
FN:80,redeemPreAuthorizedCode
FN:121,nonceResponse
FNF:4
FNH:4
FNDA:2,issuerMetadata
FNDA:4,createPreAuthorizedCode
FNDA:2,redeemPreAuthorizedCode
FNDA:2,nonceResponse
DA:2,1
DA:3,1
DA:5,1
DA:6,1
DA:7,1
DA:9,1
DA:10,2
DA:11,2
DA:14,2
DA:15,2
DA:26,2
DA:42,1
DA:43,4
DA:44,4
DA:45,1
DA:46,1
DA:53,3
DA:59,3
DA:60,3
DA:66,2
DA:75,1
DA:76,1
DA:80,1
DA:81,2
DA:82,2
DA:83,0
DA:84,0
DA:92,2
DA:99,2
DA:100,2
DA:107,1
DA:116,1
DA:117,1
DA:121,1
DA:122,2
DA:123,2
DA:124,2
LF:37
LH:35
BRDA:5,0,0,1
BRDA:5,0,1,1
BRDA:6,1,0,1
BRDA:6,1,1,1
BRDA:7,2,0,1
BRDA:7,2,1,1
BRDA:11,3,0,1
BRDA:11,3,1,1
BRDA:19,4,0,1
BRDA:19,4,1,1
BRDA:44,5,0,1
BRDA:72,6,0,0
BRDA:72,6,1,2
BRDA:75,7,0,1
BRDA:75,7,1,0
BRDA:82,8,0,0
BRDA:116,9,0,1
BRDA:116,9,1,0
BRF:18
BRH:14
end_of_record
TN:
SF:src/services/preAuthorizedCodeService.ts
FN:57,tryCreateRedisStore
FN:90,clamp
FN:104,(anonymous_3)
FN:118,(anonymous_4)
FN:169,(anonymous_5)
FN:239,(anonymous_6)
FN:245,(anonymous_7)
FN:249,(anonymous_8)
FN:253,(anonymous_9)
FN:257,(anonymous_10)
FN:261,(anonymous_11)
FN:265,(anonymous_12)
FN:276,(anonymous_13)
FN:280,(anonymous_14)
FN:287,(anonymous_15)
FN:295,(anonymous_16)
FN:305,(anonymous_17)
FN:309,(anonymous_18)
FN:325,(anonymous_19)
FNF:19
FNH:19
FNDA:28,tryCreateRedisStore
FNDA:33,clamp
FNDA:28,(anonymous_3)
FNDA:18,(anonymous_4)
FNDA:18,(anonymous_5)
FNDA:3,(anonymous_6)
FNDA:7,(anonymous_7)
FNDA:3,(anonymous_8)
FNDA:6,(anonymous_9)
FNDA:1,(anonymous_10)
FNDA:1,(anonymous_11)
FNDA:3,(anonymous_12)
FNDA:38,(anonymous_13)
FNDA:23,(anonymous_14)
FNDA:13,(anonymous_15)
FNDA:4,(anonymous_16)
FNDA:6,(anonymous_17)
FNDA:10,(anonymous_18)
FNDA:4,(anonymous_19)
DA:1,5
DA:2,5
DA:9,5
DA:49,5
DA:50,5
DA:52,5
DA:53,5
DA:54,5
DA:55,5
DA:58,28
DA:59,22
DA:61,6
DA:62,6
DA:63,2
DA:64,2
DA:66,4
DA:67,4
DA:68,4
DA:69,2
DA:73,2
DA:78,4
DA:80,0
DA:81,0
DA:82,0
DA:85,0
DA:87,0
DA:91,33
DA:94,5
DA:105,28
DA:106,28
DA:107,28
DA:109,28
DA:110,28
DA:111,28
DA:112,28
DA:113,28
DA:114,28
DA:115,28
DA:119,18
DA:120,1
DA:122,17
DA:123,2
DA:125,15
DA:126,15
DA:127,15
DA:128,15
DA:129,15
DA:131,15
DA:132,15
DA:135,15
DA:136,4
DA:137,4
DA:138,4
DA:141,15
DA:156,15
DA:157,15
DA:159,15
DA:176,18
DA:177,1
DA:179,17
DA:180,1
DA:182,16
DA:183,16
DA:184,1
DA:186,15
DA:187,15
DA:188,1
DA:189,1
DA:191,14
DA:192,1
DA:194,13
DA:195,2
DA:197,11
DA:198,5
DA:199,1
DA:201,4
DA:202,1
DA:204,3
DA:205,1
DA:206,1
DA:208,2
DA:209,1
DA:212,7
DA:213,7
DA:214,2
DA:217,5
DA:218,5
DA:220,5
DA:228,5
DA:230,4
DA:231,4
DA:240,3
DA:241,3
DA:242,3
DA:246,7
DA:250,3
DA:254,6
DA:258,1
DA:262,1
DA:266,3
DA:267,1
DA:269,2
DA:270,2
DA:271,1
DA:273,1
DA:277,38
DA:281,23
DA:282,23
DA:283,23
DA:284,23
DA:288,13
DA:289,1
DA:291,12
DA:292,12
DA:296,4
DA:297,4
DA:298,4
DA:299,26
DA:300,26
DA:302,4
DA:306,6
DA:310,10
DA:312,5
DA:314,2
DA:316,1
DA:318,1
DA:321,1
DA:326,4
DA:330,5
LF:129
LH:124
BRDA:49,0,0,5
BRDA:49,0,1,2
BRDA:50,1,0,5
BRDA:50,1,1,5
BRDA:58,2,0,22
BRDA:62,3,0,2
BRDA:67,4,0,4
BRDA:68,5,0,2
BRDA:68,5,1,2
BRDA:81,6,0,0
BRDA:104,7,0,23
BRDA:105,8,0,28
BRDA:105,8,1,28
BRDA:105,8,2,28
BRDA:108,9,0,28
BRDA:108,9,1,23
BRDA:109,10,0,28
BRDA:109,10,1,28
BRDA:110,11,0,28
BRDA:110,11,1,27
BRDA:110,12,0,27
BRDA:110,12,1,0
BRDA:110,13,0,27
BRDA:110,13,1,27
BRDA:111,14,0,28
BRDA:111,14,1,28
BRDA:112,15,0,28
BRDA:112,15,1,28
BRDA:113,16,0,28
BRDA:113,16,1,27
BRDA:114,17,0,28
BRDA:114,17,1,27
BRDA:115,18,0,28
BRDA:115,18,1,28
BRDA:119,19,0,1
BRDA:122,20,0,2
BRDA:122,21,0,17
BRDA:122,21,1,4
BRDA:126,22,0,15
BRDA:126,22,1,15
BRDA:127,23,0,15
BRDA:127,23,1,14
BRDA:131,24,0,15
BRDA:131,24,1,15
BRDA:135,25,0,4
BRDA:136,26,0,4
BRDA:136,26,1,4
BRDA:165,27,0,4
BRDA:165,27,1,11
BRDA:176,28,0,1
BRDA:179,29,0,1
BRDA:183,30,0,1
BRDA:187,31,0,1
BRDA:191,32,0,1
BRDA:194,33,0,2
BRDA:197,34,0,5
BRDA:198,35,0,1
BRDA:201,36,0,1
BRDA:204,37,0,1
BRDA:204,38,0,3
BRDA:204,38,1,3
BRDA:208,39,0,1
BRDA:213,40,0,2
BRDA:239,41,0,2
BRDA:266,42,0,1
BRDA:266,43,0,3
BRDA:266,43,1,2
BRDA:270,44,0,1
BRDA:270,45,0,2
BRDA:270,45,1,2
BRDA:280,46,0,5
BRDA:281,47,0,23
BRDA:281,47,1,0
BRDA:288,48,0,1
BRDA:310,49,0,5
BRDA:310,49,1,2
BRDA:310,49,2,1
BRDA:310,49,3,1
BRDA:310,49,4,1
BRDA:310,49,5,1
BRF:80
BRH:77
end_of_record
TN:
SF:src/services/preAuthorizedCodeStore.ts
FN:44,(anonymous_0)
FN:49,(anonymous_1)
FN:53,(anonymous_2)
FN:57,(anonymous_3)
FN:62,(anonymous_4)
FN:66,(anonymous_5)
FN:91,(anonymous_6)
FN:97,(anonymous_7)
FN:107,(anonymous_8)
FN:122,(anonymous_9)
FN:179,(anonymous_10)
FN:184,(anonymous_11)
FN:188,(anonymous_12)
FN:196,(anonymous_13)
FN:206,(anonymous_14)
FN:210,(anonymous_15)
FN:234,(anonymous_16)
FN:238,(anonymous_17)
FN:254,(anonymous_18)
FN:267,(anonymous_19)
FN:271,(anonymous_20)
FN:275,(anonymous_21)
FNF:22
FNH:19
FNDA:31,(anonymous_0)
FNDA:4,(anonymous_1)
FNDA:18,(anonymous_2)
FNDA:19,(anonymous_3)
FNDA:2,(anonymous_4)
FNDA:5,(anonymous_5)
FNDA:23,(anonymous_6)
FNDA:2,(anonymous_7)
FNDA:8,(anonymous_8)
FNDA:7,(anonymous_9)
FNDA:1,(anonymous_10)
FNDA:0,(anonymous_11)
FNDA:1,(anonymous_12)
FNDA:2,(anonymous_13)
FNDA:0,(anonymous_14)
FNDA:3,(anonymous_15)
FNDA:1,(anonymous_16)
FNDA:2,(anonymous_17)
FNDA:1,(anonymous_18)
FNDA:0,(anonymous_19)
FNDA:6,(anonymous_20)
FNDA:3,(anonymous_21)
DA:44,5
DA:45,31
DA:46,31
DA:47,31
DA:50,4
DA:54,18
DA:58,19
DA:59,19
DA:63,2
DA:67,5
DA:68,5
DA:69,5
DA:70,0
DA:71,0
DA:73,5
DA:74,1
DA:76,4
DA:77,0
DA:79,4
DA:87,4
DA:88,4
DA:92,23
DA:93,23
DA:94,23
DA:95,0
DA:97,23
DA:98,2
DA:99,2
DA:101,23
DA:102,23
DA:104,23
DA:108,8
DA:109,8
DA:110,6
DA:111,0
DA:112,0
DA:114,6
DA:115,6
DA:116,6
DA:117,6
DA:119,6
DA:123,7
DA:124,7
DA:125,7
DA:126,4
DA:128,7
DA:143,5
DA:175,5
DA:179,1
DA:180,1
DA:181,1
DA:185,0
DA:189,1
DA:190,1
DA:191,1
DA:192,0
DA:197,2
DA:198,2
DA:199,1
DA:200,1
DA:202,0
DA:207,0
DA:211,3
DA:221,3
DA:223,3
DA:224,3
DA:226,0
DA:228,3
DA:229,2
DA:231,1
DA:235,1
DA:239,2
DA:251,2
DA:255,1
DA:256,1
DA:257,1
DA:259,1
DA:260,0
DA:262,1
DA:263,1
DA:268,0
DA:272,6
DA:276,3
LF:83
LH:70
BRDA:59,0,0,18
BRDA:59,0,1,1
BRDA:68,1,0,0
BRDA:69,2,0,0
BRDA:73,3,0,1
BRDA:76,4,0,0
BRDA:94,5,0,0
BRDA:101,6,0,23
BRDA:109,7,0,2
BRDA:110,8,0,0
BRDA:115,9,0,6
BRDA:179,10,0,1
BRDA:191,11,0,0
BRDA:198,12,0,1
BRDA:221,13,0,0
BRDA:228,14,0,2
BRDA:228,15,0,3
BRDA:228,15,1,1
BRDA:262,16,0,1
BRF:19
BRH:12
end_of_record
TN:
SF:src/services/redisClientFactory.ts
FN:16,currentLogLevel
FN:24,shouldLog
FN:28,redisLog
FN:61,(anonymous_3)
FN:63,(anonymous_4)
FN:67,(anonymous_5)
FN:71,(anonymous_6)
FN:75,(anonymous_7)
FN:79,(anonymous_8)
FN:83,(anonymous_9)
FN:89,(anonymous_10)
FN:91,(anonymous_11)
FN:97,(anonymous_12)
FN:104,(anonymous_13)
FN:112,(anonymous_14)
FN:115,(anonymous_15)
FN:130,(anonymous_16)
FN:135,(anonymous_17)
FN:147,(anonymous_18)
FN:151,(anonymous_19)
FN:168,isPermissionDenied
FN:173,probeRedis
FN:193,createRedisClient
FNF:23
FNH:22
FNDA:18,currentLogLevel
FNDA:18,shouldLog
FNDA:18,redisLog
FNDA:2,(anonymous_3)
FNDA:1,(anonymous_4)
FNDA:1,(anonymous_5)
FNDA:1,(anonymous_6)
FNDA:1,(anonymous_7)
FNDA:1,(anonymous_8)
FNDA:1,(anonymous_9)
FNDA:1,(anonymous_10)
FNDA:2,(anonymous_11)
FNDA:2,(anonymous_12)
FNDA:2,(anonymous_13)
FNDA:4,(anonymous_14)
FNDA:0,(anonymous_15)
FNDA:2,(anonymous_16)
FNDA:4,(anonymous_17)
FNDA:1,(anonymous_18)
FNDA:12,(anonymous_19)
FNDA:9,isPermissionDenied
FNDA:15,probeRedis
FNDA:7,createRedisClient
DA:1,14
DA:2,14
DA:5,14
DA:9,14
DA:17,18
DA:18,18
DA:19,17
DA:21,1
DA:25,18
DA:28,14
DA:29,18
DA:30,8
DA:31,8
DA:33,3
DA:34,3
DA:36,2
DA:37,2
DA:39,2
DA:40,2
DA:43,1
DA:44,1
DA:61,2
DA:64,1
DA:68,1
DA:72,1
DA:76,1
DA:80,1
DA:84,1
DA:89,1
DA:92,2
DA:93,2
DA:94,1
DA:98,2
DA:99,2
DA:100,2
DA:101,2
DA:105,2
DA:108,1
DA:109,1
DA:113,4
DA:114,4
DA:115,4
DA:116,4
DA:117,4
DA:118,1
DA:120,3
DA:121,1
DA:123,2
DA:124,2
DA:126,1
DA:131,2
DA:132,2
DA:133,2
DA:134,2
DA:135,4
DA:136,2
DA:137,1
DA:138,1
DA:140,1
DA:141,1
DA:142,2
DA:148,1
DA:152,12
DA:155,12
DA:169,9
DA:170,9
DA:173,14
DA:174,15
DA:176,15
DA:177,5
DA:179,10
DA:180,10
DA:181,9
DA:182,2
DA:184,7
DA:185,7
DA:187,1
DA:188,1
DA:193,14
DA:194,7
DA:195,7
DA:196,3
DA:197,1
DA:201,2
DA:202,2
DA:204,3
DA:207,4
DA:210,1
DA:213,3
DA:215,3
DA:216,3
DA:235,2
DA:237,1
DA:240,1
DA:247,1
DA:248,1
DA:254,1
DA:258,14
LF:98
LH:98
BRDA:17,0,0,18
BRDA:17,0,1,1
BRDA:18,1,0,17
BRDA:18,2,0,18
BRDA:18,2,1,14
BRDA:18,2,2,13
BRDA:18,2,3,9
BRDA:29,3,0,10
BRDA:30,4,0,4
BRDA:30,4,1,4
BRDA:31,5,0,3
BRDA:31,5,1,2
BRDA:31,5,2,2
BRDA:31,5,3,1
BRDA:31,5,4,1
BRDA:93,6,0,1
BRDA:93,7,0,2
BRDA:93,7,1,2
BRDA:99,8,0,2
BRDA:101,9,0,1
BRDA:101,9,1,1
BRDA:105,10,0,2
BRDA:105,10,1,0
BRDA:113,11,0,4
BRDA:113,11,1,0
BRDA:114,12,0,4
BRDA:114,12,1,0
BRDA:117,13,0,1
BRDA:117,14,0,4
BRDA:117,14,1,3
BRDA:120,15,0,1
BRDA:132,16,0,1
BRDA:132,16,1,1
BRDA:136,17,0,1
BRDA:169,18,0,0
BRDA:181,19,0,2
BRDA:184,20,0,7
BRDA:184,20,1,0
BRDA:184,20,2,0
BRDA:185,21,0,7
BRDA:185,21,1,0
BRDA:187,22,0,1
BRDA:187,22,1,0
BRDA:195,23,0,3
BRDA:196,24,0,1
BRDA:196,24,1,2
BRDA:201,25,0,2
BRDA:207,26,0,1
BRDA:238,27,0,1
BRDA:238,27,1,0
BRDA:247,28,0,1
BRDA:247,28,1,0
BRDA:247,28,2,0
BRF:53
BRH:42
end_of_record
