<?xml version="1.0" encoding="UTF-8"?>
<coverage generated="1760243410086" clover="3.2.0">
  <project timestamp="1760243410086" name="All files">
    <metrics statements="359" coveredstatements="334" conditionals="171" coveredconditionals="143" methods="69" coveredmethods="67" elements="599" coveredelements="544" complexity="0" loc="359" ncloc="359" packages="2" files="5" classes="5"/>
    <package name="controllers">
      <metrics statements="47" coveredstatements="44" conditionals="21" coveredconditionals="16" methods="5" coveredmethods="5"/>
      <file name="health_controller.ts" path="/Users/christoler/chai-vc-platform/backend/src/controllers/health_controller.ts">
        <metrics statements="10" coveredstatements="10" conditionals="3" coveredconditionals="2" methods="1" coveredmethods="1"/>
        <line num="2" count="1" type="stmt"/>
        <line num="4" count="1" type="stmt"/>
        <line num="5" count="3" type="cond" truecount="1" falsecount="0"/>
        <line num="6" count="1" type="stmt"/>
        <line num="7" count="1" type="stmt"/>
        <line num="9" count="2" type="stmt"/>
        <line num="10" count="2" type="stmt"/>
        <line num="11" count="1" type="stmt"/>
        <line num="13" count="1" type="cond" truecount="1" falsecount="1"/>
        <line num="14" count="1" type="stmt"/>
      </file>
      <file name="oidc4vci_controller.ts" path="/Users/christoler/chai-vc-platform/backend/src/controllers/oidc4vci_controller.ts">
        <metrics statements="37" coveredstatements="34" conditionals="18" coveredconditionals="14" methods="4" coveredmethods="4"/>
        <line num="2" count="1" type="stmt"/>
        <line num="3" count="1" type="stmt"/>
        <line num="5" count="1" type="cond" truecount="2" falsecount="0"/>
        <line num="6" count="1" type="cond" truecount="2" falsecount="0"/>
        <line num="7" count="1" type="cond" truecount="2" falsecount="0"/>
        <line num="9" count="1" type="stmt"/>
        <line num="10" count="2" type="stmt"/>
        <line num="11" count="2" type="cond" truecount="2" falsecount="0"/>
        <line num="14" count="2" type="stmt"/>
        <line num="15" count="2" type="stmt"/>
        <line num="26" count="2" type="stmt"/>
        <line num="42" count="1" type="stmt"/>
        <line num="43" count="4" type="stmt"/>
        <line num="44" count="4" type="cond" truecount="1" falsecount="0"/>
        <line num="45" count="1" type="stmt"/>
        <line num="46" count="1" type="stmt"/>
        <line num="53" count="3" type="stmt"/>
        <line num="59" count="3" type="stmt"/>
        <line num="60" count="3" type="stmt"/>
        <line num="66" count="2" type="stmt"/>
        <line num="75" count="1" type="cond" truecount="1" falsecount="1"/>
        <line num="76" count="1" type="stmt"/>
        <line num="80" count="1" type="stmt"/>
        <line num="81" count="2" type="stmt"/>
        <line num="82" count="2" type="cond" truecount="0" falsecount="1"/>
        <line num="83" count="0" type="stmt"/>
        <line num="84" count="0" type="stmt"/>
        <line num="92" count="2" type="stmt"/>
        <line num="99" count="2" type="stmt"/>
        <line num="100" count="2" type="stmt"/>
        <line num="107" count="0" type="stmt"/>
        <line num="116" count="2" type="cond" truecount="1" falsecount="1"/>
        <line num="117" count="2" type="stmt"/>
        <line num="121" count="1" type="stmt"/>
        <line num="122" count="2" type="stmt"/>
        <line num="123" count="2" type="stmt"/>
        <line num="124" count="2" type="stmt"/>
      </file>
    </package>
    <package name="services">
      <metrics statements="312" coveredstatements="290" conditionals="150" coveredconditionals="127" methods="64" coveredmethods="62"/>
      <file name="preAuthorizedCodeService.ts" path="/Users/christoler/chai-vc-platform/backend/src/services/preAuthorizedCodeService.ts">
        <metrics statements="129" coveredstatements="121" conditionals="80" coveredconditionals="71" methods="19" coveredmethods="19"/>
        <line num="1" count="5" type="stmt"/>
        <line num="2" count="5" type="stmt"/>
        <line num="9" count="5" type="stmt"/>
        <line num="49" count="5" type="cond" truecount="1" falsecount="1"/>
        <line num="50" count="5" type="cond" truecount="2" falsecount="0"/>
        <line num="52" count="5" type="stmt"/>
        <line num="53" count="5" type="stmt"/>
        <line num="54" count="5" type="stmt"/>
        <line num="55" count="5" type="stmt"/>
        <line num="58" count="28" type="cond" truecount="0" falsecount="1"/>
        <line num="59" count="0" type="stmt"/>
        <line num="61" count="28" type="stmt"/>
        <line num="62" count="28" type="cond" truecount="1" falsecount="0"/>
        <line num="63" count="2" type="stmt"/>
        <line num="64" count="2" type="stmt"/>
        <line num="66" count="26" type="stmt"/>
        <line num="67" count="26" type="cond" truecount="1" falsecount="0"/>
        <line num="68" count="4" type="cond" truecount="2" falsecount="0"/>
        <line num="69" count="2" type="stmt"/>
        <line num="73" count="2" type="stmt"/>
        <line num="78" count="4" type="stmt"/>
        <line num="80" count="22" type="stmt"/>
        <line num="81" count="22" type="cond" truecount="0" falsecount="1"/>
        <line num="82" count="0" type="stmt"/>
        <line num="85" count="0" type="stmt"/>
        <line num="87" count="22" type="stmt"/>
        <line num="91" count="33" type="stmt"/>
        <line num="94" count="5" type="stmt"/>
        <line num="105" count="28" type="cond" truecount="3" falsecount="0"/>
        <line num="106" count="28" type="stmt"/>
        <line num="107" count="28" type="stmt"/>
        <line num="109" count="28" type="cond" truecount="2" falsecount="0"/>
        <line num="110" count="28" type="cond" truecount="5" falsecount="1"/>
        <line num="111" count="28" type="cond" truecount="2" falsecount="0"/>
        <line num="112" count="28" type="cond" truecount="2" falsecount="0"/>
        <line num="113" count="28" type="cond" truecount="2" falsecount="0"/>
        <line num="114" count="28" type="cond" truecount="2" falsecount="0"/>
        <line num="115" count="28" type="cond" truecount="2" falsecount="0"/>
        <line num="119" count="18" type="cond" truecount="1" falsecount="0"/>
        <line num="120" count="1" type="stmt"/>
        <line num="122" count="17" type="cond" truecount="3" falsecount="0"/>
        <line num="123" count="2" type="stmt"/>
        <line num="125" count="15" type="stmt"/>
        <line num="126" count="15" type="cond" truecount="2" falsecount="0"/>
        <line num="127" count="15" type="cond" truecount="2" falsecount="0"/>
        <line num="128" count="15" type="stmt"/>
        <line num="129" count="15" type="stmt"/>
        <line num="131" count="15" type="cond" truecount="2" falsecount="0"/>
        <line num="132" count="15" type="stmt"/>
        <line num="135" count="15" type="cond" truecount="1" falsecount="0"/>
        <line num="136" count="4" type="cond" truecount="2" falsecount="0"/>
        <line num="137" count="4" type="stmt"/>
        <line num="138" count="4" type="stmt"/>
        <line num="141" count="15" type="stmt"/>
        <line num="156" count="15" type="stmt"/>
        <line num="157" count="15" type="stmt"/>
        <line num="159" count="15" type="stmt"/>
        <line num="176" count="14" type="cond" truecount="1" falsecount="0"/>
        <line num="177" count="1" type="stmt"/>
        <line num="179" count="13" type="cond" truecount="1" falsecount="0"/>
        <line num="180" count="1" type="stmt"/>
        <line num="182" count="12" type="stmt"/>
        <line num="183" count="12" type="cond" truecount="1" falsecount="0"/>
        <line num="184" count="1" type="stmt"/>
        <line num="186" count="11" type="stmt"/>
        <line num="187" count="11" type="cond" truecount="0" falsecount="1"/>
        <line num="188" count="0" type="stmt"/>
        <line num="189" count="0" type="stmt"/>
        <line num="191" count="11" type="cond" truecount="1" falsecount="0"/>
        <line num="192" count="1" type="stmt"/>
        <line num="194" count="10" type="cond" truecount="1" falsecount="0"/>
        <line num="195" count="1" type="stmt"/>
        <line num="197" count="9" type="cond" truecount="1" falsecount="0"/>
        <line num="198" count="4" type="cond" truecount="1" falsecount="0"/>
        <line num="199" count="1" type="stmt"/>
        <line num="201" count="3" type="cond" truecount="0" falsecount="1"/>
        <line num="202" count="0" type="stmt"/>
        <line num="204" count="3" type="cond" truecount="3" falsecount="0"/>
        <line num="205" count="1" type="stmt"/>
        <line num="206" count="1" type="stmt"/>
        <line num="208" count="2" type="cond" truecount="1" falsecount="0"/>
        <line num="209" count="1" type="stmt"/>
        <line num="212" count="6" type="stmt"/>
        <line num="213" count="6" type="cond" truecount="1" falsecount="0"/>
        <line num="214" count="1" type="stmt"/>
        <line num="217" count="5" type="stmt"/>
        <line num="218" count="5" type="stmt"/>
        <line num="220" count="5" type="stmt"/>
        <line num="228" count="5" type="stmt"/>
        <line num="230" count="1" type="stmt"/>
        <line num="231" count="1" type="stmt"/>
        <line num="240" count="3" type="stmt"/>
        <line num="241" count="3" type="stmt"/>
        <line num="242" count="3" type="stmt"/>
        <line num="246" count="7" type="stmt"/>
        <line num="250" count="3" type="stmt"/>
        <line num="254" count="6" type="stmt"/>
        <line num="258" count="1" type="stmt"/>
        <line num="262" count="1" type="stmt"/>
        <line num="266" count="3" type="cond" truecount="2" falsecount="1"/>
        <line num="267" count="0" type="stmt"/>
        <line num="269" count="3" type="stmt"/>
        <line num="270" count="3" type="cond" truecount="3" falsecount="0"/>
        <line num="271" count="2" type="stmt"/>
        <line num="273" count="1" type="stmt"/>
        <line num="277" count="38" type="stmt"/>
        <line num="281" count="23" type="cond" truecount="1" falsecount="1"/>
        <line num="282" count="23" type="stmt"/>
        <line num="283" count="23" type="stmt"/>
        <line num="284" count="23" type="stmt"/>
        <line num="288" count="10" type="cond" truecount="0" falsecount="1"/>
        <line num="289" count="0" type="stmt"/>
        <line num="291" count="10" type="stmt"/>
        <line num="292" count="10" type="stmt"/>
        <line num="296" count="4" type="stmt"/>
        <line num="297" count="4" type="stmt"/>
        <line num="298" count="4" type="stmt"/>
        <line num="299" count="26" type="stmt"/>
        <line num="300" count="26" type="stmt"/>
        <line num="302" count="4" type="stmt"/>
        <line num="306" count="6" type="stmt"/>
        <line num="310" count="10" type="cond" truecount="6" falsecount="0"/>
        <line num="312" count="2" type="stmt"/>
        <line num="314" count="1" type="stmt"/>
        <line num="316" count="1" type="stmt"/>
        <line num="318" count="1" type="stmt"/>
        <line num="321" count="5" type="stmt"/>
        <line num="326" count="1" type="stmt"/>
        <line num="330" count="5" type="stmt"/>
      </file>
      <file name="preAuthorizedCodeStore.ts" path="/Users/christoler/chai-vc-platform/backend/src/services/preAuthorizedCodeStore.ts">
        <metrics statements="83" coveredstatements="69" conditionals="19" coveredconditionals="10" methods="22" coveredmethods="20"/>
        <line num="44" count="5" type="stmt"/>
        <line num="45" count="9" type="stmt"/>
        <line num="46" count="9" type="stmt"/>
        <line num="47" count="9" type="stmt"/>
        <line num="50" count="3" type="stmt"/>
        <line num="54" count="1" type="stmt"/>
        <line num="58" count="1" type="stmt"/>
        <line num="59" count="1" type="cond" truecount="1" falsecount="1"/>
        <line num="63" count="0" type="stmt"/>
        <line num="67" count="1" type="stmt"/>
        <line num="68" count="1" type="cond" truecount="0" falsecount="1"/>
        <line num="69" count="1" type="cond" truecount="0" falsecount="1"/>
        <line num="70" count="0" type="stmt"/>
        <line num="71" count="0" type="stmt"/>
        <line num="73" count="1" type="cond" truecount="0" falsecount="1"/>
        <line num="74" count="0" type="stmt"/>
        <line num="76" count="1" type="cond" truecount="0" falsecount="1"/>
        <line num="77" count="0" type="stmt"/>
        <line num="79" count="1" type="stmt"/>
        <line num="87" count="1" type="stmt"/>
        <line num="88" count="1" type="stmt"/>
        <line num="92" count="2" type="stmt"/>
        <line num="93" count="2" type="stmt"/>
        <line num="94" count="2" type="cond" truecount="0" falsecount="1"/>
        <line num="95" count="0" type="stmt"/>
        <line num="97" count="2" type="stmt"/>
        <line num="98" count="1" type="stmt"/>
        <line num="99" count="1" type="stmt"/>
        <line num="101" count="2" type="cond" truecount="1" falsecount="0"/>
        <line num="102" count="2" type="stmt"/>
        <line num="104" count="2" type="stmt"/>
        <line num="108" count="1" type="stmt"/>
        <line num="109" count="1" type="cond" truecount="0" falsecount="1"/>
        <line num="110" count="1" type="cond" truecount="0" falsecount="1"/>
        <line num="111" count="0" type="stmt"/>
        <line num="112" count="0" type="stmt"/>
        <line num="114" count="1" type="stmt"/>
        <line num="115" count="1" type="cond" truecount="1" falsecount="0"/>
        <line num="116" count="1" type="stmt"/>
        <line num="117" count="1" type="stmt"/>
        <line num="119" count="1" type="stmt"/>
        <line num="123" count="0" type="stmt"/>
        <line num="124" count="0" type="stmt"/>
        <line num="125" count="0" type="stmt"/>
        <line num="126" count="0" type="stmt"/>
        <line num="128" count="0" type="stmt"/>
        <line num="143" count="5" type="stmt"/>
        <line num="175" count="5" type="stmt"/>
        <line num="179" count="23" type="cond" truecount="1" falsecount="0"/>
        <line num="180" count="23" type="stmt"/>
        <line num="181" count="23" type="stmt"/>
        <line num="185" count="1" type="stmt"/>
        <line num="189" count="18" type="stmt"/>
        <line num="190" count="18" type="stmt"/>
        <line num="191" count="18" type="cond" truecount="1" falsecount="0"/>
        <line num="192" count="3" type="stmt"/>
        <line num="197" count="16" type="stmt"/>
        <line num="198" count="16" type="cond" truecount="1" falsecount="0"/>
        <line num="199" count="14" type="stmt"/>
        <line num="200" count="14" type="stmt"/>
        <line num="202" count="0" type="stmt"/>
        <line num="207" count="1" type="stmt"/>
        <line num="211" count="7" type="stmt"/>
        <line num="221" count="7" type="cond" truecount="0" falsecount="1"/>
        <line num="223" count="7" type="stmt"/>
        <line num="224" count="7" type="stmt"/>
        <line num="226" count="4" type="stmt"/>
        <line num="228" count="3" type="cond" truecount="3" falsecount="0"/>
        <line num="229" count="2" type="stmt"/>
        <line num="231" count="1" type="stmt"/>
        <line num="235" count="22" type="stmt"/>
        <line num="239" count="8" type="stmt"/>
        <line num="251" count="8" type="stmt"/>
        <line num="255" count="8" type="stmt"/>
        <line num="256" count="8" type="stmt"/>
        <line num="257" count="6" type="stmt"/>
        <line num="259" count="8" type="stmt"/>
        <line num="260" count="6" type="stmt"/>
        <line num="262" count="8" type="cond" truecount="1" falsecount="0"/>
        <line num="263" count="5" type="stmt"/>
        <line num="268" count="1" type="stmt"/>
        <line num="272" count="42" type="stmt"/>
        <line num="276" count="30" type="stmt"/>
      </file>
      <file name="redisClientFactory.ts" path="/Users/christoler/chai-vc-platform/backend/src/services/redisClientFactory.ts">
        <metrics statements="100" coveredstatements="100" conditionals="51" coveredconditionals="46" methods="23" coveredmethods="23"/>
        <line num="1" count="16" type="stmt"/>
        <line num="2" count="16" type="stmt"/>
        <line num="5" count="16" type="stmt"/>
        <line num="9" count="16" type="stmt"/>
        <line num="17" count="40" type="cond" truecount="2" falsecount="0"/>
        <line num="18" count="40" type="cond" truecount="5" falsecount="0"/>
        <line num="19" count="39" type="stmt"/>
        <line num="21" count="1" type="stmt"/>
        <line num="25" count="40" type="stmt"/>
        <line num="28" count="16" type="stmt"/>
        <line num="29" count="40" type="cond" truecount="1" falsecount="0"/>
        <line num="30" count="8" type="cond" truecount="2" falsecount="0"/>
        <line num="31" count="8" type="cond" truecount="5" falsecount="0"/>
        <line num="33" count="3" type="stmt"/>
        <line num="34" count="3" type="stmt"/>
        <line num="36" count="2" type="stmt"/>
        <line num="37" count="2" type="stmt"/>
        <line num="39" count="2" type="stmt"/>
        <line num="40" count="2" type="stmt"/>
        <line num="43" count="1" type="stmt"/>
        <line num="44" count="1" type="stmt"/>
        <line num="61" count="2" type="stmt"/>
        <line num="64" count="1" type="stmt"/>
        <line num="68" count="1" type="stmt"/>
        <line num="72" count="1" type="stmt"/>
        <line num="76" count="1" type="stmt"/>
        <line num="80" count="1" type="stmt"/>
        <line num="84" count="1" type="stmt"/>
        <line num="89" count="23" type="stmt"/>
        <line num="92" count="16" type="stmt"/>
        <line num="93" count="16" type="cond" truecount="3" falsecount="0"/>
        <line num="94" count="2" type="stmt"/>
        <line num="96" count="14" type="stmt"/>
        <line num="100" count="40" type="stmt"/>
        <line num="101" count="40" type="cond" truecount="1" falsecount="0"/>
        <line num="102" count="40" type="stmt"/>
        <line num="103" count="40" type="cond" truecount="1" falsecount="0"/>
        <line num="104" count="1" type="stmt"/>
        <line num="106" count="39" type="stmt"/>
        <line num="110" count="7" type="cond" truecount="2" falsecount="0"/>
        <line num="113" count="6" type="stmt"/>
        <line num="114" count="6" type="stmt"/>
        <line num="118" count="14" type="cond" truecount="1" falsecount="1"/>
        <line num="119" count="14" type="cond" truecount="2" falsecount="0"/>
        <line num="120" count="20" type="stmt"/>
        <line num="121" count="14" type="stmt"/>
        <line num="122" count="14" type="cond" truecount="3" falsecount="0"/>
        <line num="123" count="1" type="stmt"/>
        <line num="125" count="13" type="cond" truecount="1" falsecount="0"/>
        <line num="126" count="7" type="stmt"/>
        <line num="128" count="6" type="stmt"/>
        <line num="129" count="6" type="stmt"/>
        <line num="131" count="1" type="stmt"/>
        <line num="136" count="16" type="stmt"/>
        <line num="137" count="16" type="cond" truecount="2" falsecount="0"/>
        <line num="138" count="16" type="stmt"/>
        <line num="139" count="16" type="stmt"/>
        <line num="140" count="29" type="stmt"/>
        <line num="141" count="16" type="cond" truecount="1" falsecount="0"/>
        <line num="142" count="1" type="stmt"/>
        <line num="143" count="1" type="stmt"/>
        <line num="145" count="15" type="stmt"/>
        <line num="146" count="15" type="stmt"/>
        <line num="147" count="13" type="stmt"/>
        <line num="153" count="2" type="stmt"/>
        <line num="157" count="94" type="stmt"/>
        <line num="160" count="94" type="stmt"/>
        <line num="176" count="10" type="stmt"/>
        <line num="179" count="16" type="stmt"/>
        <line num="180" count="61" type="stmt"/>
        <line num="182" count="61" type="stmt"/>
        <line num="183" count="5" type="stmt"/>
        <line num="185" count="56" type="stmt"/>
        <line num="186" count="56" type="stmt"/>
        <line num="187" count="55" type="cond" truecount="1" falsecount="0"/>
        <line num="188" count="46" type="stmt"/>
        <line num="190" count="9" type="cond" truecount="3" falsecount="0"/>
        <line num="191" count="9" type="cond" truecount="2" falsecount="0"/>
        <line num="193" count="1" type="cond" truecount="1" falsecount="1"/>
        <line num="194" count="1" type="stmt"/>
        <line num="199" count="16" type="stmt"/>
        <line num="200" count="29" type="stmt"/>
        <line num="201" count="29" type="cond" truecount="1" falsecount="0"/>
        <line num="202" count="3" type="cond" truecount="2" falsecount="0"/>
        <line num="203" count="1" type="stmt"/>
        <line num="207" count="2" type="cond" truecount="1" falsecount="0"/>
        <line num="208" count="2" type="stmt"/>
        <line num="210" count="3" type="stmt"/>
        <line num="213" count="26" type="cond" truecount="1" falsecount="0"/>
        <line num="216" count="23" type="stmt"/>
        <line num="219" count="3" type="stmt"/>
        <line num="221" count="3" type="stmt"/>
        <line num="222" count="3" type="stmt"/>
        <line num="241" count="2" type="stmt"/>
        <line num="243" count="1" type="stmt"/>
        <line num="246" count="1" type="stmt"/>
        <line num="253" count="1" type="cond" truecount="1" falsecount="2"/>
        <line num="254" count="1" type="stmt"/>
        <line num="260" count="1" type="stmt"/>
        <line num="264" count="16" type="stmt"/>
      </file>
    </package>
  </project>
</coverage>
