TN:
SF:src/controllers/health_controller.ts
FN:4,redisHealth
FNF:1
FNH:1
FNDA:3,redisHealth
DA:2,1
DA:4,1
DA:5,3
DA:6,1
DA:7,1
DA:9,2
DA:10,2
DA:11,1
DA:13,1
DA:14,1
LF:10
LH:10
BRDA:5,0,0,1
BRDA:13,1,0,1
BRDA:13,1,1,0
BRF:3
BRH:2
end_of_record
TN:
SF:src/controllers/oidc4vci_controller.ts
FN:9,issuerMetadata
FN:42,createPreAuthorizedCode
FN:80,redeemPreAuthorizedCode
FN:121,nonceResponse
FNF:4
FNH:4
FNDA:2,issuerMetadata
FNDA:4,createPreAuthorizedCode
FNDA:2,redeemPreAuthorizedCode
FNDA:2,nonceResponse
DA:2,1
DA:3,1
DA:5,1
DA:6,1
DA:7,1
DA:9,1
DA:10,2
DA:11,2
DA:14,2
DA:15,2
DA:26,2
DA:42,1
DA:43,4
DA:44,4
DA:45,1
DA:46,1
DA:53,3
DA:59,3
DA:60,3
DA:66,2
DA:75,1
DA:76,1
DA:80,1
DA:81,2
DA:82,2
DA:83,0
DA:84,0
DA:92,2
DA:99,2
DA:100,2
DA:107,0
DA:116,2
DA:117,2
DA:121,1
DA:122,2
DA:123,2
DA:124,2
LF:37
LH:34
BRDA:5,0,0,1
BRDA:5,0,1,1
BRDA:6,1,0,1
BRDA:6,1,1,1
BRDA:7,2,0,1
BRDA:7,2,1,1
BRDA:11,3,0,1
BRDA:11,3,1,1
BRDA:19,4,0,1
BRDA:19,4,1,1
BRDA:44,5,0,1
BRDA:72,6,0,0
BRDA:72,6,1,2
BRDA:75,7,0,1
BRDA:75,7,1,0
BRDA:82,8,0,0
BRDA:116,9,0,2
BRDA:116,9,1,0
BRF:18
BRH:14
end_of_record
TN:
SF:src/services/preAuthorizedCodeService.ts
FN:57,tryCreateRedisStore
FN:90,clamp
FN:104,(anonymous_3)
FN:118,(anonymous_4)
FN:169,(anonymous_5)
FN:239,(anonymous_6)
FN:245,(anonymous_7)
FN:249,(anonymous_8)
FN:253,(anonymous_9)
FN:257,(anonymous_10)
FN:261,(anonymous_11)
FN:265,(anonymous_12)
FN:276,(anonymous_13)
FN:280,(anonymous_14)
FN:287,(anonymous_15)
FN:295,(anonymous_16)
FN:305,(anonymous_17)
FN:309,(anonymous_18)
FN:325,(anonymous_19)
FNF:19
FNH:19
FNDA:28,tryCreateRedisStore
FNDA:33,clamp
FNDA:28,(anonymous_3)
FNDA:18,(anonymous_4)
FNDA:14,(anonymous_5)
FNDA:3,(anonymous_6)
FNDA:7,(anonymous_7)
FNDA:3,(anonymous_8)
FNDA:6,(anonymous_9)
FNDA:1,(anonymous_10)
FNDA:1,(anonymous_11)
FNDA:3,(anonymous_12)
FNDA:38,(anonymous_13)
FNDA:23,(anonymous_14)
FNDA:10,(anonymous_15)
FNDA:4,(anonymous_16)
FNDA:6,(anonymous_17)
FNDA:10,(anonymous_18)
FNDA:1,(anonymous_19)
DA:1,5
DA:2,5
DA:9,5
DA:49,5
DA:50,5
DA:52,5
DA:53,5
DA:54,5
DA:55,5
DA:58,28
DA:59,0
DA:61,28
DA:62,28
DA:63,2
DA:64,2
DA:66,26
DA:67,26
DA:68,4
DA:69,2
DA:73,2
DA:78,4
DA:80,22
DA:81,22
DA:82,0
DA:85,0
DA:87,22
DA:91,33
DA:94,5
DA:105,28
DA:106,28
DA:107,28
DA:109,28
DA:110,28
DA:111,28
DA:112,28
DA:113,28
DA:114,28
DA:115,28
DA:119,18
DA:120,1
DA:122,17
DA:123,2
DA:125,15
DA:126,15
DA:127,15
DA:128,15
DA:129,15
DA:131,15
DA:132,15
DA:135,15
DA:136,4
DA:137,4
DA:138,4
DA:141,15
DA:156,15
DA:157,15
DA:159,15
DA:176,14
DA:177,1
DA:179,13
DA:180,1
DA:182,12
DA:183,12
DA:184,1
DA:186,11
DA:187,11
DA:188,0
DA:189,0
DA:191,11
DA:192,1
DA:194,10
DA:195,1
DA:197,9
DA:198,4
DA:199,1
DA:201,3
DA:202,0
DA:204,3
DA:205,1
DA:206,1
DA:208,2
DA:209,1
DA:212,6
DA:213,6
DA:214,1
DA:217,5
DA:218,5
DA:220,5
DA:228,5
DA:230,1
DA:231,1
DA:240,3
DA:241,3
DA:242,3
DA:246,7
DA:250,3
DA:254,6
DA:258,1
DA:262,1
DA:266,3
DA:267,0
DA:269,3
DA:270,3
DA:271,2
DA:273,1
DA:277,38
DA:281,23
DA:282,23
DA:283,23
DA:284,23
DA:288,10
DA:289,0
DA:291,10
DA:292,10
DA:296,4
DA:297,4
DA:298,4
DA:299,26
DA:300,26
DA:302,4
DA:306,6
DA:310,10
DA:312,2
DA:314,1
DA:316,1
DA:318,1
DA:321,5
DA:326,1
DA:330,5
LF:129
LH:121
BRDA:49,0,0,5
BRDA:49,0,1,0
BRDA:50,1,0,5
BRDA:50,1,1,5
BRDA:58,2,0,0
BRDA:62,3,0,2
BRDA:67,4,0,4
BRDA:68,5,0,2
BRDA:68,5,1,2
BRDA:81,6,0,0
BRDA:104,7,0,23
BRDA:105,8,0,28
BRDA:105,8,1,28
BRDA:105,8,2,6
BRDA:108,9,0,28
BRDA:108,9,1,23
BRDA:109,10,0,28
BRDA:109,10,1,28
BRDA:110,11,0,28
BRDA:110,11,1,27
BRDA:110,12,0,27
BRDA:110,12,1,0
BRDA:110,13,0,27
BRDA:110,13,1,27
BRDA:111,14,0,28
BRDA:111,14,1,28
BRDA:112,15,0,28
BRDA:112,15,1,28
BRDA:113,16,0,28
BRDA:113,16,1,27
BRDA:114,17,0,28
BRDA:114,17,1,27
BRDA:115,18,0,28
BRDA:115,18,1,28
BRDA:119,19,0,1
BRDA:122,20,0,2
BRDA:122,21,0,17
BRDA:122,21,1,4
BRDA:126,22,0,15
BRDA:126,22,1,15
BRDA:127,23,0,15
BRDA:127,23,1,14
BRDA:131,24,0,15
BRDA:131,24,1,15
BRDA:135,25,0,4
BRDA:136,26,0,4
BRDA:136,26,1,4
BRDA:165,27,0,4
BRDA:165,27,1,11
BRDA:176,28,0,1
BRDA:179,29,0,1
BRDA:183,30,0,1
BRDA:187,31,0,0
BRDA:191,32,0,1
BRDA:194,33,0,1
BRDA:197,34,0,4
BRDA:198,35,0,1
BRDA:201,36,0,0
BRDA:204,37,0,1
BRDA:204,38,0,3
BRDA:204,38,1,3
BRDA:208,39,0,1
BRDA:213,40,0,1
BRDA:239,41,0,2
BRDA:266,42,0,0
BRDA:266,43,0,3
BRDA:266,43,1,3
BRDA:270,44,0,2
BRDA:270,45,0,3
BRDA:270,45,1,3
BRDA:280,46,0,5
BRDA:281,47,0,23
BRDA:281,47,1,0
BRDA:288,48,0,0
BRDA:310,49,0,2
BRDA:310,49,1,1
BRDA:310,49,2,1
BRDA:310,49,3,1
BRDA:310,49,4,5
BRDA:310,49,5,5
BRF:80
BRH:71
end_of_record
TN:
SF:src/services/preAuthorizedCodeStore.ts
FN:44,(anonymous_0)
FN:49,(anonymous_1)
FN:53,(anonymous_2)
FN:57,(anonymous_3)
FN:62,(anonymous_4)
FN:66,(anonymous_5)
FN:91,(anonymous_6)
FN:97,(anonymous_7)
FN:107,(anonymous_8)
FN:122,(anonymous_9)
FN:179,(anonymous_10)
FN:184,(anonymous_11)
FN:188,(anonymous_12)
FN:196,(anonymous_13)
FN:206,(anonymous_14)
FN:210,(anonymous_15)
FN:234,(anonymous_16)
FN:238,(anonymous_17)
FN:254,(anonymous_18)
FN:267,(anonymous_19)
FN:271,(anonymous_20)
FN:275,(anonymous_21)
FNF:22
FNH:20
FNDA:9,(anonymous_0)
FNDA:3,(anonymous_1)
FNDA:1,(anonymous_2)
FNDA:1,(anonymous_3)
FNDA:0,(anonymous_4)
FNDA:1,(anonymous_5)
FNDA:2,(anonymous_6)
FNDA:1,(anonymous_7)
FNDA:1,(anonymous_8)
FNDA:0,(anonymous_9)
FNDA:23,(anonymous_10)
FNDA:1,(anonymous_11)
FNDA:18,(anonymous_12)
FNDA:16,(anonymous_13)
FNDA:1,(anonymous_14)
FNDA:7,(anonymous_15)
FNDA:22,(anonymous_16)
FNDA:8,(anonymous_17)
FNDA:8,(anonymous_18)
FNDA:1,(anonymous_19)
FNDA:42,(anonymous_20)
FNDA:30,(anonymous_21)
DA:44,5
DA:45,9
DA:46,9
DA:47,9
DA:50,3
DA:54,1
DA:58,1
DA:59,1
DA:63,0
DA:67,1
DA:68,1
DA:69,1
DA:70,0
DA:71,0
DA:73,1
DA:74,0
DA:76,1
DA:77,0
DA:79,1
DA:87,1
DA:88,1
DA:92,2
DA:93,2
DA:94,2
DA:95,0
DA:97,2
DA:98,1
DA:99,1
DA:101,2
DA:102,2
DA:104,2
DA:108,1
DA:109,1
DA:110,1
DA:111,0
DA:112,0
DA:114,1
DA:115,1
DA:116,1
DA:117,1
DA:119,1
DA:123,0
DA:124,0
DA:125,0
DA:126,0
DA:128,0
DA:143,5
DA:175,5
DA:179,23
DA:180,23
DA:181,23
DA:185,1
DA:189,18
DA:190,18
DA:191,18
DA:192,3
DA:197,16
DA:198,16
DA:199,14
DA:200,14
DA:202,0
DA:207,1
DA:211,7
DA:221,7
DA:223,7
DA:224,7
DA:226,4
DA:228,3
DA:229,2
DA:231,1
DA:235,22
DA:239,8
DA:251,8
DA:255,8
DA:256,8
DA:257,6
DA:259,8
DA:260,6
DA:262,8
DA:263,5
DA:268,1
DA:272,42
DA:276,30
LF:83
LH:69
BRDA:59,0,0,1
BRDA:59,0,1,0
BRDA:68,1,0,0
BRDA:69,2,0,0
BRDA:73,3,0,0
BRDA:76,4,0,0
BRDA:94,5,0,0
BRDA:101,6,0,2
BRDA:109,7,0,0
BRDA:110,8,0,0
BRDA:115,9,0,1
BRDA:179,10,0,23
BRDA:191,11,0,3
BRDA:198,12,0,2
BRDA:221,13,0,0
BRDA:228,14,0,2
BRDA:228,15,0,3
BRDA:228,15,1,1
BRDA:262,16,0,5
BRF:19
BRH:10
end_of_record
TN:
SF:src/services/redisClientFactory.ts
FN:16,currentLogLevel
FN:24,shouldLog
FN:28,redisLog
FN:61,(anonymous_3)
FN:63,(anonymous_4)
FN:67,(anonymous_5)
FN:71,(anonymous_6)
FN:75,(anonymous_7)
FN:79,(anonymous_8)
FN:83,(anonymous_9)
FN:89,(anonymous_10)
FN:91,(anonymous_11)
FN:99,(anonymous_12)
FN:109,(anonymous_13)
FN:117,(anonymous_14)
FN:120,(anonymous_15)
FN:135,(anonymous_16)
FN:140,(anonymous_17)
FN:152,(anonymous_18)
FN:156,(anonymous_19)
FN:173,isPermissionDenied
FN:179,probeRedis
FN:199,createRedisClient
FNF:23
FNH:23
FNDA:40,currentLogLevel
FNDA:40,shouldLog
FNDA:40,redisLog
FNDA:2,(anonymous_3)
FNDA:1,(anonymous_4)
FNDA:1,(anonymous_5)
FNDA:1,(anonymous_6)
FNDA:1,(anonymous_7)
FNDA:1,(anonymous_8)
FNDA:1,(anonymous_9)
FNDA:23,(anonymous_10)
FNDA:16,(anonymous_11)
FNDA:40,(anonymous_12)
FNDA:7,(anonymous_13)
FNDA:14,(anonymous_14)
FNDA:20,(anonymous_15)
FNDA:16,(anonymous_16)
FNDA:29,(anonymous_17)
FNDA:2,(anonymous_18)
FNDA:94,(anonymous_19)
FNDA:11,isPermissionDenied
FNDA:61,probeRedis
FNDA:29,createRedisClient
DA:1,16
DA:2,16
DA:5,16
DA:9,16
DA:17,40
DA:18,40
DA:19,39
DA:21,1
DA:25,40
DA:28,16
DA:29,40
DA:30,8
DA:31,8
DA:33,3
DA:34,3
DA:36,2
DA:37,2
DA:39,2
DA:40,2
DA:43,1
DA:44,1
DA:61,2
DA:64,1
DA:68,1
DA:72,1
DA:76,1
DA:80,1
DA:84,1
DA:89,23
DA:92,16
DA:93,16
DA:94,2
DA:96,14
DA:100,40
DA:101,40
DA:102,40
DA:103,40
DA:104,1
DA:106,39
DA:110,7
DA:113,6
DA:114,6
DA:118,14
DA:119,14
DA:120,20
DA:121,14
DA:122,14
DA:123,1
DA:125,13
DA:126,7
DA:128,6
DA:129,6
DA:131,1
DA:136,16
DA:137,16
DA:138,16
DA:139,16
DA:140,29
DA:141,16
DA:142,1
DA:143,1
DA:145,15
DA:146,15
DA:147,13
DA:153,2
DA:157,94
DA:160,94
DA:176,10
DA:179,16
DA:180,61
DA:182,61
DA:183,5
DA:185,56
DA:186,56
DA:187,55
DA:188,46
DA:190,9
DA:191,9
DA:193,1
DA:194,1
DA:199,16
DA:200,29
DA:201,29
DA:202,3
DA:203,1
DA:207,2
DA:208,2
DA:210,3
DA:213,26
DA:216,23
DA:219,3
DA:221,3
DA:222,3
DA:241,2
DA:243,1
DA:246,1
DA:253,1
DA:254,1
DA:260,1
DA:264,16
LF:100
LH:100
BRDA:17,0,0,40
BRDA:17,0,1,3
BRDA:18,1,0,39
BRDA:18,2,0,40
BRDA:18,2,1,36
BRDA:18,2,2,33
BRDA:18,2,3,29
BRDA:29,3,0,32
BRDA:30,4,0,4
BRDA:30,4,1,4
BRDA:31,5,0,3
BRDA:31,5,1,2
BRDA:31,5,2,2
BRDA:31,5,3,1
BRDA:31,5,4,1
BRDA:93,6,0,2
BRDA:93,7,0,16
BRDA:93,7,1,15
BRDA:101,8,0,19
BRDA:103,9,0,1
BRDA:110,10,0,6
BRDA:110,10,1,1
BRDA:118,11,0,14
BRDA:118,11,1,0
BRDA:119,12,0,14
BRDA:119,12,1,6
BRDA:122,13,0,1
BRDA:122,14,0,14
BRDA:122,14,1,13
BRDA:125,15,0,7
BRDA:137,16,0,1
BRDA:137,16,1,15
BRDA:141,17,0,1
BRDA:187,18,0,46
BRDA:190,19,0,9
BRDA:190,19,1,2
BRDA:190,19,2,1
BRDA:191,20,0,9
BRDA:191,20,1,1
BRDA:193,21,0,1
BRDA:193,21,1,0
BRDA:201,22,0,3
BRDA:202,23,0,1
BRDA:202,23,1,2
BRDA:207,24,0,2
BRDA:213,25,0,23
BRDA:244,26,0,1
BRDA:244,26,1,0
BRDA:253,27,0,1
BRDA:253,27,1,0
BRDA:253,27,2,0
BRF:51
BRH:46
end_of_record
